2024-11-23 16:55:07,003 - INFO - Test log message to verify file output
2024-11-23 16:55:07,063 - INFO - select pg_catalog.version()
2024-11-23 16:55:07,063 - INFO - [raw sql] {}
2024-11-23 16:55:07,065 - INFO - select current_schema()
2024-11-23 16:55:07,066 - INFO - [raw sql] {}
2024-11-23 16:55:07,067 - INFO - show standard_conforming_strings
2024-11-23 16:55:07,067 - INFO - [raw sql] {}
2024-11-23 16:55:07,068 - INFO - BEGIN (implicit)
2024-11-23 16:55:07,072 - INFO - SELECT pg_catalog.pg_class.relname 
FROM pg_catalog.pg_class JOIN pg_catalog.pg_namespace ON pg_catalog.pg_namespace.oid = pg_catalog.pg_class.relnamespace 
WHERE pg_catalog.pg_class.relname = %(table_name)s AND pg_catalog.pg_class.relkind = ANY (ARRAY[%(param_1)s, %(param_2)s, %(param_3)s, %(param_4)s, %(param_5)s]) AND pg_catalog.pg_table_is_visible(pg_catalog.pg_class.oid) AND pg_catalog.pg_namespace.nspname != %(nspname_1)s
2024-11-23 16:55:07,072 - INFO - [generated in 0.00056s] {'table_name': 'items', 'param_1': 'r', 'param_2': 'p', 'param_3': 'f', 'param_4': 'v', 'param_5': 'm', 'nspname_1': 'pg_catalog'}
2024-11-23 16:55:07,078 - INFO - SELECT pg_catalog.pg_class.relname 
FROM pg_catalog.pg_class JOIN pg_catalog.pg_namespace ON pg_catalog.pg_namespace.oid = pg_catalog.pg_class.relnamespace 
WHERE pg_catalog.pg_class.relname = %(table_name)s AND pg_catalog.pg_class.relkind = ANY (ARRAY[%(param_1)s, %(param_2)s, %(param_3)s, %(param_4)s, %(param_5)s]) AND pg_catalog.pg_table_is_visible(pg_catalog.pg_class.oid) AND pg_catalog.pg_namespace.nspname != %(nspname_1)s
2024-11-23 16:55:07,079 - INFO - [cached since 0.006684s ago] {'table_name': 'users', 'param_1': 'r', 'param_2': 'p', 'param_3': 'f', 'param_4': 'v', 'param_5': 'm', 'nspname_1': 'pg_catalog'}
2024-11-23 16:55:07,082 - INFO - SELECT pg_catalog.pg_type.typname 
FROM pg_catalog.pg_type JOIN pg_catalog.pg_namespace ON pg_catalog.pg_namespace.oid = pg_catalog.pg_type.typnamespace 
WHERE pg_catalog.pg_type.typname = %(typname_1)s AND pg_catalog.pg_type_is_visible(pg_catalog.pg_type.oid) AND pg_catalog.pg_namespace.nspname != %(nspname_1)s
2024-11-23 16:55:07,082 - INFO - [generated in 0.00052s] {'typname_1': 'category', 'nspname_1': 'pg_catalog'}
2024-11-23 16:55:07,083 - INFO - COMMIT
2024-11-23 16:55:19,493 - INFO - Request: GET http://127.0.0.1:8000/docs
2024-11-23 16:55:19,495 - INFO - Response: 200
2024-11-23 16:55:19,988 - INFO - Request: GET http://127.0.0.1:8000/openapi.json
2024-11-23 16:55:20,009 - INFO - Response: 200
2024-11-23 16:57:29,750 - INFO - Request: POST http://127.0.0.1:8000/register
2024-11-23 16:57:29,756 - INFO - BEGIN (implicit)
2024-11-23 16:57:29,758 - INFO - SELECT users.id AS users_id, users.username AS users_username, users.email AS users_email, users.full_name AS users_full_name, users.hashed_password AS users_hashed_password, users.disabled AS users_disabled 
FROM users 
WHERE users.username = %(username_1)s 
 LIMIT %(param_1)s
2024-11-23 16:57:29,758 - INFO - [generated in 0.00049s] {'username_1': 'usertest', 'param_1': 1}
2024-11-23 16:57:29,762 - INFO - ROLLBACK
2024-11-23 16:57:29,764 - INFO - Response: 400
2024-11-23 16:58:12,776 - INFO - Request: POST http://127.0.0.1:8000/token
2024-11-23 16:58:12,779 - INFO - BEGIN (implicit)
2024-11-23 16:58:12,780 - INFO - SELECT users.id AS users_id, users.username AS users_username, users.email AS users_email, users.full_name AS users_full_name, users.hashed_password AS users_hashed_password, users.disabled AS users_disabled 
FROM users 
WHERE users.username = %(username_1)s 
 LIMIT %(param_1)s
2024-11-23 16:58:12,781 - INFO - [cached since 43.02s ago] {'username_1': 'usertest', 'param_1': 1}
2024-11-23 16:58:12,785 - WARNING - (trapped) error reading bcrypt version
Traceback (most recent call last):
  File "/usr/local/lib/python3.10/site-packages/passlib/handlers/bcrypt.py", line 620, in _load_backend_mixin
    version = _bcrypt.__about__.__version__
AttributeError: module 'bcrypt' has no attribute '__about__'
2024-11-23 16:58:13,080 - INFO - ROLLBACK
2024-11-23 16:58:13,082 - INFO - Response: 200
2024-11-23 16:58:37,361 - INFO - Request: GET http://127.0.0.1:8000/
2024-11-23 16:58:37,363 - INFO - BEGIN (implicit)
2024-11-23 16:58:37,365 - INFO - SELECT items.id AS items_id, items.name AS items_name, items.description AS items_description, items.price AS items_price, items.category AS items_category 
FROM items
2024-11-23 16:58:37,365 - INFO - [generated in 0.00046s] {}
2024-11-23 16:58:37,375 - INFO - ROLLBACK
2024-11-23 16:58:37,376 - INFO - Response: 200
2024-11-23 16:59:25,827 - INFO - Request: GET http://127.0.0.1:8000/docs
2024-11-23 16:59:25,829 - INFO - Response: 200
2024-11-23 16:59:26,257 - INFO - Request: GET http://127.0.0.1:8000/openapi.json
2024-11-23 16:59:26,258 - INFO - Response: 200
2024-11-23 16:59:57,172 - INFO - Request: POST http://127.0.0.1:8000/token
2024-11-23 16:59:57,174 - INFO - BEGIN (implicit)
2024-11-23 16:59:57,175 - INFO - SELECT users.id AS users_id, users.username AS users_username, users.email AS users_email, users.full_name AS users_full_name, users.hashed_password AS users_hashed_password, users.disabled AS users_disabled 
FROM users 
WHERE users.username = %(username_1)s 
 LIMIT %(param_1)s
2024-11-23 16:59:57,175 - INFO - [cached since 147.4s ago] {'username_1': 'usertest', 'param_1': 1}
2024-11-23 16:59:57,445 - INFO - ROLLBACK
2024-11-23 16:59:57,447 - INFO - Response: 200
2024-11-23 17:01:05,932 - INFO - Request: POST http://127.0.0.1:8000/
2024-11-23 17:01:05,933 - INFO - Response: 401
2024-11-23 17:02:05,865 - INFO - Request: GET http://127.0.0.1:8000/items/2
2024-11-23 17:02:05,867 - INFO - BEGIN (implicit)
2024-11-23 17:02:05,867 - INFO - SELECT users.id AS users_id, users.username AS users_username, users.email AS users_email, users.full_name AS users_full_name, users.hashed_password AS users_hashed_password, users.disabled AS users_disabled 
FROM users 
WHERE users.username = %(username_1)s 
 LIMIT %(param_1)s
2024-11-23 17:02:05,868 - INFO - [cached since 276.1s ago] {'username_1': 'usertest', 'param_1': 1}
2024-11-23 17:02:05,870 - INFO - SELECT items.id AS items_id, items.name AS items_name, items.description AS items_description, items.price AS items_price, items.category AS items_category 
FROM items 
WHERE items.id = %(id_1)s 
 LIMIT %(param_1)s
2024-11-23 17:02:05,870 - INFO - [generated in 0.00045s] {'id_1': 2, 'param_1': 1}
2024-11-23 17:02:05,872 - INFO - ROLLBACK
2024-11-23 17:02:05,873 - INFO - Response: 404
2024-11-23 17:02:43,823 - INFO - Request: POST http://127.0.0.1:8000/
2024-11-23 17:02:43,826 - INFO - BEGIN (implicit)
2024-11-23 17:02:43,827 - INFO - SELECT users.id AS users_id, users.username AS users_username, users.email AS users_email, users.full_name AS users_full_name, users.hashed_password AS users_hashed_password, users.disabled AS users_disabled 
FROM users 
WHERE users.username = %(username_1)s 
 LIMIT %(param_1)s
2024-11-23 17:02:43,827 - INFO - [cached since 314.1s ago] {'username_1': 'usertest', 'param_1': 1}
2024-11-23 17:02:43,833 - INFO - INSERT INTO items (name, description, price, category) VALUES (%(name)s, %(description)s, %(price)s, %(category)s) RETURNING items.id
2024-11-23 17:02:43,833 - INFO - [generated in 0.00051s] {'name': 'House', 'description': 'small house', 'price': 10.0, 'category': 'TOOLS'}
2024-11-23 17:02:43,837 - INFO - COMMIT
2024-11-23 17:02:43,839 - INFO - BEGIN (implicit)
2024-11-23 17:02:43,841 - INFO - SELECT items.id, items.name, items.description, items.price, items.category 
FROM items 
WHERE items.id = %(pk_1)s
2024-11-23 17:02:43,841 - INFO - [generated in 0.00074s] {'pk_1': 1}
2024-11-23 17:02:43,844 - INFO - ROLLBACK
2024-11-23 17:02:43,845 - INFO - Response: 200
2024-11-23 17:05:15,866 - INFO - Test log message to verify file output
2024-11-23 17:05:15,959 - INFO - select pg_catalog.version()
2024-11-23 17:05:15,960 - INFO - [raw sql] {}
2024-11-23 17:05:15,962 - INFO - select current_schema()
2024-11-23 17:05:15,963 - INFO - [raw sql] {}
2024-11-23 17:05:15,966 - INFO - show standard_conforming_strings
2024-11-23 17:05:15,966 - INFO - [raw sql] {}
2024-11-23 17:05:15,968 - INFO - BEGIN (implicit)
2024-11-23 17:05:15,973 - INFO - SELECT pg_catalog.pg_class.relname 
FROM pg_catalog.pg_class JOIN pg_catalog.pg_namespace ON pg_catalog.pg_namespace.oid = pg_catalog.pg_class.relnamespace 
WHERE pg_catalog.pg_class.relname = %(table_name)s AND pg_catalog.pg_class.relkind = ANY (ARRAY[%(param_1)s, %(param_2)s, %(param_3)s, %(param_4)s, %(param_5)s]) AND pg_catalog.pg_table_is_visible(pg_catalog.pg_class.oid) AND pg_catalog.pg_namespace.nspname != %(nspname_1)s
2024-11-23 17:05:15,974 - INFO - [generated in 0.00079s] {'table_name': 'items', 'param_1': 'r', 'param_2': 'p', 'param_3': 'f', 'param_4': 'v', 'param_5': 'm', 'nspname_1': 'pg_catalog'}
2024-11-23 17:05:15,977 - INFO - SELECT pg_catalog.pg_class.relname 
FROM pg_catalog.pg_class JOIN pg_catalog.pg_namespace ON pg_catalog.pg_namespace.oid = pg_catalog.pg_class.relnamespace 
WHERE pg_catalog.pg_class.relname = %(table_name)s AND pg_catalog.pg_class.relkind = ANY (ARRAY[%(param_1)s, %(param_2)s, %(param_3)s, %(param_4)s, %(param_5)s]) AND pg_catalog.pg_table_is_visible(pg_catalog.pg_class.oid) AND pg_catalog.pg_namespace.nspname != %(nspname_1)s
2024-11-23 17:05:15,978 - INFO - [cached since 0.005485s ago] {'table_name': 'users', 'param_1': 'r', 'param_2': 'p', 'param_3': 'f', 'param_4': 'v', 'param_5': 'm', 'nspname_1': 'pg_catalog'}
2024-11-23 17:05:15,983 - INFO - SELECT pg_catalog.pg_type.typname 
FROM pg_catalog.pg_type JOIN pg_catalog.pg_namespace ON pg_catalog.pg_namespace.oid = pg_catalog.pg_type.typnamespace 
WHERE pg_catalog.pg_type.typname = %(typname_1)s AND pg_catalog.pg_type_is_visible(pg_catalog.pg_type.oid) AND pg_catalog.pg_namespace.nspname != %(nspname_1)s
2024-11-23 17:05:15,984 - INFO - [generated in 0.00075s] {'typname_1': 'category', 'nspname_1': 'pg_catalog'}
2024-11-23 17:05:15,986 - INFO - COMMIT
2024-11-23 20:02:56,216 - INFO - Test log message to verify file output
2024-11-23 20:07:39,728 - INFO - Test log message to verify file output
2024-11-23 20:13:51,427 - INFO - Test log message to verify file output
2024-11-23 20:13:51,496 - INFO - select pg_catalog.version()
2024-11-23 20:13:51,496 - INFO - [raw sql] {}
2024-11-23 20:13:51,514 - INFO - select current_schema()
2024-11-23 20:13:51,515 - INFO - [raw sql] {}
2024-11-23 20:13:51,519 - INFO - show standard_conforming_strings
2024-11-23 20:13:51,521 - INFO - [raw sql] {}
2024-11-23 20:13:51,523 - INFO - BEGIN (implicit)
2024-11-23 20:13:51,529 - INFO - SELECT pg_catalog.pg_class.relname 
FROM pg_catalog.pg_class JOIN pg_catalog.pg_namespace ON pg_catalog.pg_namespace.oid = pg_catalog.pg_class.relnamespace 
WHERE pg_catalog.pg_class.relname = %(table_name)s AND pg_catalog.pg_class.relkind = ANY (ARRAY[%(param_1)s, %(param_2)s, %(param_3)s, %(param_4)s, %(param_5)s]) AND pg_catalog.pg_table_is_visible(pg_catalog.pg_class.oid) AND pg_catalog.pg_namespace.nspname != %(nspname_1)s
2024-11-23 20:13:51,529 - INFO - [generated in 0.00063s] {'table_name': 'items', 'param_1': 'r', 'param_2': 'p', 'param_3': 'f', 'param_4': 'v', 'param_5': 'm', 'nspname_1': 'pg_catalog'}
2024-11-23 20:13:51,538 - INFO - SELECT pg_catalog.pg_class.relname 
FROM pg_catalog.pg_class JOIN pg_catalog.pg_namespace ON pg_catalog.pg_namespace.oid = pg_catalog.pg_class.relnamespace 
WHERE pg_catalog.pg_class.relname = %(table_name)s AND pg_catalog.pg_class.relkind = ANY (ARRAY[%(param_1)s, %(param_2)s, %(param_3)s, %(param_4)s, %(param_5)s]) AND pg_catalog.pg_table_is_visible(pg_catalog.pg_class.oid) AND pg_catalog.pg_namespace.nspname != %(nspname_1)s
2024-11-23 20:13:51,538 - INFO - [cached since 0.009857s ago] {'table_name': 'users', 'param_1': 'r', 'param_2': 'p', 'param_3': 'f', 'param_4': 'v', 'param_5': 'm', 'nspname_1': 'pg_catalog'}
2024-11-23 20:13:51,542 - INFO - SELECT pg_catalog.pg_type.typname 
FROM pg_catalog.pg_type JOIN pg_catalog.pg_namespace ON pg_catalog.pg_namespace.oid = pg_catalog.pg_type.typnamespace 
WHERE pg_catalog.pg_type.typname = %(typname_1)s AND pg_catalog.pg_type_is_visible(pg_catalog.pg_type.oid) AND pg_catalog.pg_namespace.nspname != %(nspname_1)s
2024-11-23 20:13:51,542 - INFO - [generated in 0.00075s] {'typname_1': 'category', 'nspname_1': 'pg_catalog'}
2024-11-23 20:13:51,544 - INFO - COMMIT
2024-11-24 19:53:09,301 - INFO - Test log message to verify file output
2024-11-24 19:53:09,395 - INFO - select pg_catalog.version()
2024-11-24 19:53:09,396 - INFO - [raw sql] {}
2024-11-24 19:53:09,400 - INFO - select current_schema()
2024-11-24 19:53:09,400 - INFO - [raw sql] {}
2024-11-24 19:53:09,403 - INFO - show standard_conforming_strings
2024-11-24 19:53:09,403 - INFO - [raw sql] {}
2024-11-24 19:53:09,405 - INFO - BEGIN (implicit)
2024-11-24 19:53:09,410 - INFO - SELECT pg_catalog.pg_class.relname 
FROM pg_catalog.pg_class JOIN pg_catalog.pg_namespace ON pg_catalog.pg_namespace.oid = pg_catalog.pg_class.relnamespace 
WHERE pg_catalog.pg_class.relname = %(table_name)s AND pg_catalog.pg_class.relkind = ANY (ARRAY[%(param_1)s, %(param_2)s, %(param_3)s, %(param_4)s, %(param_5)s]) AND pg_catalog.pg_table_is_visible(pg_catalog.pg_class.oid) AND pg_catalog.pg_namespace.nspname != %(nspname_1)s
2024-11-24 19:53:09,411 - INFO - [generated in 0.00087s] {'table_name': 'items', 'param_1': 'r', 'param_2': 'p', 'param_3': 'f', 'param_4': 'v', 'param_5': 'm', 'nspname_1': 'pg_catalog'}
2024-11-24 19:53:09,419 - INFO - SELECT pg_catalog.pg_class.relname 
FROM pg_catalog.pg_class JOIN pg_catalog.pg_namespace ON pg_catalog.pg_namespace.oid = pg_catalog.pg_class.relnamespace 
WHERE pg_catalog.pg_class.relname = %(table_name)s AND pg_catalog.pg_class.relkind = ANY (ARRAY[%(param_1)s, %(param_2)s, %(param_3)s, %(param_4)s, %(param_5)s]) AND pg_catalog.pg_table_is_visible(pg_catalog.pg_class.oid) AND pg_catalog.pg_namespace.nspname != %(nspname_1)s
2024-11-24 19:53:09,420 - INFO - [cached since 0.009693s ago] {'table_name': 'users', 'param_1': 'r', 'param_2': 'p', 'param_3': 'f', 'param_4': 'v', 'param_5': 'm', 'nspname_1': 'pg_catalog'}
2024-11-24 19:53:09,423 - INFO - SELECT pg_catalog.pg_type.typname 
FROM pg_catalog.pg_type JOIN pg_catalog.pg_namespace ON pg_catalog.pg_namespace.oid = pg_catalog.pg_type.typnamespace 
WHERE pg_catalog.pg_type.typname = %(typname_1)s AND pg_catalog.pg_type_is_visible(pg_catalog.pg_type.oid) AND pg_catalog.pg_namespace.nspname != %(nspname_1)s
2024-11-24 19:53:09,424 - INFO - [generated in 0.00080s] {'typname_1': 'category', 'nspname_1': 'pg_catalog'}
2024-11-24 19:53:09,426 - INFO - COMMIT
2024-11-24 20:00:33,951 - INFO - Request: GET http://127.0.0.1:8000/docs
2024-11-24 20:00:33,953 - INFO - Response: 200
2024-11-24 20:00:34,400 - INFO - Request: GET http://127.0.0.1:8000/openapi.json
2024-11-24 20:00:34,415 - INFO - Response: 200
2024-11-24 20:01:42,215 - INFO - Request: GET http://127.0.0.1:8000/redoc
2024-11-24 20:01:42,216 - INFO - Response: 200
2024-11-24 20:01:42,618 - INFO - Request: GET http://127.0.0.1:8000/openapi.json
2024-11-24 20:01:42,620 - INFO - Response: 200
2024-11-24 20:02:07,026 - INFO - Request: GET http://127.0.0.1:8000/openapi.json
2024-11-24 20:02:07,027 - INFO - Response: 200
2024-11-24 20:03:08,742 - INFO - Test log message to verify file output
2024-11-24 20:03:08,787 - INFO - select pg_catalog.version()
2024-11-24 20:03:08,788 - INFO - [raw sql] {}
2024-11-24 20:03:08,789 - INFO - select current_schema()
2024-11-24 20:03:08,790 - INFO - [raw sql] {}
2024-11-24 20:03:08,791 - INFO - show standard_conforming_strings
2024-11-24 20:03:08,791 - INFO - [raw sql] {}
2024-11-24 20:03:08,792 - INFO - BEGIN (implicit)
2024-11-24 20:03:08,795 - INFO - SELECT pg_catalog.pg_class.relname 
FROM pg_catalog.pg_class JOIN pg_catalog.pg_namespace ON pg_catalog.pg_namespace.oid = pg_catalog.pg_class.relnamespace 
WHERE pg_catalog.pg_class.relname = %(table_name)s AND pg_catalog.pg_class.relkind = ANY (ARRAY[%(param_1)s, %(param_2)s, %(param_3)s, %(param_4)s, %(param_5)s]) AND pg_catalog.pg_table_is_visible(pg_catalog.pg_class.oid) AND pg_catalog.pg_namespace.nspname != %(nspname_1)s
2024-11-24 20:03:08,796 - INFO - [generated in 0.00045s] {'table_name': 'items', 'param_1': 'r', 'param_2': 'p', 'param_3': 'f', 'param_4': 'v', 'param_5': 'm', 'nspname_1': 'pg_catalog'}
2024-11-24 20:03:08,801 - INFO - SELECT pg_catalog.pg_class.relname 
FROM pg_catalog.pg_class JOIN pg_catalog.pg_namespace ON pg_catalog.pg_namespace.oid = pg_catalog.pg_class.relnamespace 
WHERE pg_catalog.pg_class.relname = %(table_name)s AND pg_catalog.pg_class.relkind = ANY (ARRAY[%(param_1)s, %(param_2)s, %(param_3)s, %(param_4)s, %(param_5)s]) AND pg_catalog.pg_table_is_visible(pg_catalog.pg_class.oid) AND pg_catalog.pg_namespace.nspname != %(nspname_1)s
2024-11-24 20:03:08,801 - INFO - [cached since 0.006044s ago] {'table_name': 'users', 'param_1': 'r', 'param_2': 'p', 'param_3': 'f', 'param_4': 'v', 'param_5': 'm', 'nspname_1': 'pg_catalog'}
2024-11-24 20:03:08,804 - INFO - SELECT pg_catalog.pg_type.typname 
FROM pg_catalog.pg_type JOIN pg_catalog.pg_namespace ON pg_catalog.pg_namespace.oid = pg_catalog.pg_type.typnamespace 
WHERE pg_catalog.pg_type.typname = %(typname_1)s AND pg_catalog.pg_type_is_visible(pg_catalog.pg_type.oid) AND pg_catalog.pg_namespace.nspname != %(nspname_1)s
2024-11-24 20:03:08,804 - INFO - [generated in 0.00054s] {'typname_1': 'category', 'nspname_1': 'pg_catalog'}
2024-11-24 20:03:08,806 - INFO - COMMIT
2024-11-24 20:03:11,852 - INFO - Request: GET http://127.0.0.1:8000/redoc
2024-11-24 20:03:11,853 - INFO - Response: 200
2024-11-24 20:03:12,140 - INFO - Request: GET http://127.0.0.1:8000/openapi.json
2024-11-24 20:03:12,155 - INFO - Response: 200
2024-11-24 20:07:50,312 - INFO - Request: GET http://127.0.0.1:8000/docs
2024-11-24 20:07:50,314 - INFO - Response: 200
2024-11-24 20:07:50,670 - INFO - Request: GET http://127.0.0.1:8000/openapi.json
2024-11-24 20:07:50,671 - INFO - Response: 200
2024-11-24 20:13:50,203 - INFO - Test log message to verify file output
2024-11-24 20:13:50,250 - INFO - select pg_catalog.version()
2024-11-24 20:13:50,250 - INFO - [raw sql] {}
2024-11-24 20:13:50,252 - INFO - select current_schema()
2024-11-24 20:13:50,252 - INFO - [raw sql] {}
2024-11-24 20:13:50,254 - INFO - show standard_conforming_strings
2024-11-24 20:13:50,254 - INFO - [raw sql] {}
2024-11-24 20:13:50,255 - INFO - BEGIN (implicit)
2024-11-24 20:13:50,258 - INFO - SELECT pg_catalog.pg_class.relname 
FROM pg_catalog.pg_class JOIN pg_catalog.pg_namespace ON pg_catalog.pg_namespace.oid = pg_catalog.pg_class.relnamespace 
WHERE pg_catalog.pg_class.relname = %(table_name)s AND pg_catalog.pg_class.relkind = ANY (ARRAY[%(param_1)s, %(param_2)s, %(param_3)s, %(param_4)s, %(param_5)s]) AND pg_catalog.pg_table_is_visible(pg_catalog.pg_class.oid) AND pg_catalog.pg_namespace.nspname != %(nspname_1)s
2024-11-24 20:13:50,259 - INFO - [generated in 0.00067s] {'table_name': 'items', 'param_1': 'r', 'param_2': 'p', 'param_3': 'f', 'param_4': 'v', 'param_5': 'm', 'nspname_1': 'pg_catalog'}
2024-11-24 20:13:50,264 - INFO - SELECT pg_catalog.pg_class.relname 
FROM pg_catalog.pg_class JOIN pg_catalog.pg_namespace ON pg_catalog.pg_namespace.oid = pg_catalog.pg_class.relnamespace 
WHERE pg_catalog.pg_class.relname = %(table_name)s AND pg_catalog.pg_class.relkind = ANY (ARRAY[%(param_1)s, %(param_2)s, %(param_3)s, %(param_4)s, %(param_5)s]) AND pg_catalog.pg_table_is_visible(pg_catalog.pg_class.oid) AND pg_catalog.pg_namespace.nspname != %(nspname_1)s
2024-11-24 20:13:50,264 - INFO - [cached since 0.005729s ago] {'table_name': 'users', 'param_1': 'r', 'param_2': 'p', 'param_3': 'f', 'param_4': 'v', 'param_5': 'm', 'nspname_1': 'pg_catalog'}
2024-11-24 20:13:50,267 - INFO - SELECT pg_catalog.pg_type.typname 
FROM pg_catalog.pg_type JOIN pg_catalog.pg_namespace ON pg_catalog.pg_namespace.oid = pg_catalog.pg_type.typnamespace 
WHERE pg_catalog.pg_type.typname = %(typname_1)s AND pg_catalog.pg_type_is_visible(pg_catalog.pg_type.oid) AND pg_catalog.pg_namespace.nspname != %(nspname_1)s
2024-11-24 20:13:50,267 - INFO - [generated in 0.00054s] {'typname_1': 'category', 'nspname_1': 'pg_catalog'}
2024-11-24 20:13:50,268 - INFO - COMMIT
2024-11-24 20:14:08,552 - INFO - Request: GET http://127.0.0.1:8000/docs
2024-11-24 20:14:08,554 - INFO - Response: 200
2024-11-24 20:14:09,018 - INFO - Request: GET http://127.0.0.1:8000/openapi.json
2024-11-24 20:14:09,036 - INFO - Response: 200
2024-11-24 20:21:01,513 - INFO - Test log message to verify file output
2024-11-24 20:21:01,553 - INFO - select pg_catalog.version()
2024-11-24 20:21:01,553 - INFO - [raw sql] {}
2024-11-24 20:21:01,554 - INFO - select current_schema()
2024-11-24 20:21:01,555 - INFO - [raw sql] {}
2024-11-24 20:21:01,556 - INFO - show standard_conforming_strings
2024-11-24 20:21:01,556 - INFO - [raw sql] {}
2024-11-24 20:21:01,557 - INFO - BEGIN (implicit)
2024-11-24 20:21:01,560 - INFO - SELECT pg_catalog.pg_class.relname 
FROM pg_catalog.pg_class JOIN pg_catalog.pg_namespace ON pg_catalog.pg_namespace.oid = pg_catalog.pg_class.relnamespace 
WHERE pg_catalog.pg_class.relname = %(table_name)s AND pg_catalog.pg_class.relkind = ANY (ARRAY[%(param_1)s, %(param_2)s, %(param_3)s, %(param_4)s, %(param_5)s]) AND pg_catalog.pg_table_is_visible(pg_catalog.pg_class.oid) AND pg_catalog.pg_namespace.nspname != %(nspname_1)s
2024-11-24 20:21:01,561 - INFO - [generated in 0.00066s] {'table_name': 'items', 'param_1': 'r', 'param_2': 'p', 'param_3': 'f', 'param_4': 'v', 'param_5': 'm', 'nspname_1': 'pg_catalog'}
2024-11-24 20:21:01,565 - INFO - SELECT pg_catalog.pg_class.relname 
FROM pg_catalog.pg_class JOIN pg_catalog.pg_namespace ON pg_catalog.pg_namespace.oid = pg_catalog.pg_class.relnamespace 
WHERE pg_catalog.pg_class.relname = %(table_name)s AND pg_catalog.pg_class.relkind = ANY (ARRAY[%(param_1)s, %(param_2)s, %(param_3)s, %(param_4)s, %(param_5)s]) AND pg_catalog.pg_table_is_visible(pg_catalog.pg_class.oid) AND pg_catalog.pg_namespace.nspname != %(nspname_1)s
2024-11-24 20:21:01,565 - INFO - [cached since 0.005308s ago] {'table_name': 'users', 'param_1': 'r', 'param_2': 'p', 'param_3': 'f', 'param_4': 'v', 'param_5': 'm', 'nspname_1': 'pg_catalog'}
2024-11-24 20:21:01,568 - INFO - SELECT pg_catalog.pg_type.typname 
FROM pg_catalog.pg_type JOIN pg_catalog.pg_namespace ON pg_catalog.pg_namespace.oid = pg_catalog.pg_type.typnamespace 
WHERE pg_catalog.pg_type.typname = %(typname_1)s AND pg_catalog.pg_type_is_visible(pg_catalog.pg_type.oid) AND pg_catalog.pg_namespace.nspname != %(nspname_1)s
2024-11-24 20:21:01,568 - INFO - [generated in 0.00051s] {'typname_1': 'category', 'nspname_1': 'pg_catalog'}
2024-11-24 20:21:01,569 - INFO - COMMIT
2024-11-24 20:21:05,042 - INFO - Request: GET http://127.0.0.1:8000/docs
2024-11-24 20:21:05,044 - INFO - Response: 200
2024-11-24 20:21:05,382 - INFO - Request: GET http://127.0.0.1:8000/openapi.json
2024-11-24 20:21:05,403 - INFO - Response: 200
2024-11-24 20:31:08,942 - INFO - Test log message to verify file output
2024-11-24 20:31:09,157 - INFO - select pg_catalog.version()
2024-11-24 20:31:09,170 - INFO - [raw sql] {}
2024-11-24 20:31:09,177 - INFO - select current_schema()
2024-11-24 20:31:09,178 - INFO - [raw sql] {}
2024-11-24 20:31:09,189 - INFO - show standard_conforming_strings
2024-11-24 20:31:09,192 - INFO - [raw sql] {}
2024-11-24 20:31:09,194 - INFO - BEGIN (implicit)
2024-11-24 20:31:09,202 - INFO - SELECT pg_catalog.pg_class.relname 
FROM pg_catalog.pg_class JOIN pg_catalog.pg_namespace ON pg_catalog.pg_namespace.oid = pg_catalog.pg_class.relnamespace 
WHERE pg_catalog.pg_class.relname = %(table_name)s AND pg_catalog.pg_class.relkind = ANY (ARRAY[%(param_1)s, %(param_2)s, %(param_3)s, %(param_4)s, %(param_5)s]) AND pg_catalog.pg_table_is_visible(pg_catalog.pg_class.oid) AND pg_catalog.pg_namespace.nspname != %(nspname_1)s
2024-11-24 20:31:09,203 - INFO - [generated in 0.00135s] {'table_name': 'items', 'param_1': 'r', 'param_2': 'p', 'param_3': 'f', 'param_4': 'v', 'param_5': 'm', 'nspname_1': 'pg_catalog'}
2024-11-24 20:31:09,223 - INFO - SELECT pg_catalog.pg_class.relname 
FROM pg_catalog.pg_class JOIN pg_catalog.pg_namespace ON pg_catalog.pg_namespace.oid = pg_catalog.pg_class.relnamespace 
WHERE pg_catalog.pg_class.relname = %(table_name)s AND pg_catalog.pg_class.relkind = ANY (ARRAY[%(param_1)s, %(param_2)s, %(param_3)s, %(param_4)s, %(param_5)s]) AND pg_catalog.pg_table_is_visible(pg_catalog.pg_class.oid) AND pg_catalog.pg_namespace.nspname != %(nspname_1)s
2024-11-24 20:31:09,225 - INFO - [cached since 0.02386s ago] {'table_name': 'users', 'param_1': 'r', 'param_2': 'p', 'param_3': 'f', 'param_4': 'v', 'param_5': 'm', 'nspname_1': 'pg_catalog'}
2024-11-24 20:31:09,230 - INFO - SELECT pg_catalog.pg_type.typname 
FROM pg_catalog.pg_type JOIN pg_catalog.pg_namespace ON pg_catalog.pg_namespace.oid = pg_catalog.pg_type.typnamespace 
WHERE pg_catalog.pg_type.typname = %(typname_1)s AND pg_catalog.pg_type_is_visible(pg_catalog.pg_type.oid) AND pg_catalog.pg_namespace.nspname != %(nspname_1)s
2024-11-24 20:31:09,231 - INFO - [generated in 0.00124s] {'typname_1': 'category', 'nspname_1': 'pg_catalog'}
2024-11-24 20:31:09,233 - INFO - COMMIT
2024-11-24 20:59:11,656 - INFO - Test log message to verify file output
2024-11-24 20:59:11,806 - INFO - select pg_catalog.version()
2024-11-24 20:59:11,807 - INFO - [raw sql] {}
2024-11-24 20:59:11,811 - INFO - select current_schema()
2024-11-24 20:59:11,812 - INFO - [raw sql] {}
2024-11-24 20:59:11,814 - INFO - show standard_conforming_strings
2024-11-24 20:59:11,815 - INFO - [raw sql] {}
2024-11-24 20:59:11,817 - INFO - BEGIN (implicit)
2024-11-24 20:59:11,822 - INFO - SELECT pg_catalog.pg_class.relname 
FROM pg_catalog.pg_class JOIN pg_catalog.pg_namespace ON pg_catalog.pg_namespace.oid = pg_catalog.pg_class.relnamespace 
WHERE pg_catalog.pg_class.relname = %(table_name)s AND pg_catalog.pg_class.relkind = ANY (ARRAY[%(param_1)s, %(param_2)s, %(param_3)s, %(param_4)s, %(param_5)s]) AND pg_catalog.pg_table_is_visible(pg_catalog.pg_class.oid) AND pg_catalog.pg_namespace.nspname != %(nspname_1)s
2024-11-24 20:59:11,822 - INFO - [generated in 0.00066s] {'table_name': 'items', 'param_1': 'r', 'param_2': 'p', 'param_3': 'f', 'param_4': 'v', 'param_5': 'm', 'nspname_1': 'pg_catalog'}
2024-11-24 20:59:11,833 - INFO - SELECT pg_catalog.pg_class.relname 
FROM pg_catalog.pg_class JOIN pg_catalog.pg_namespace ON pg_catalog.pg_namespace.oid = pg_catalog.pg_class.relnamespace 
WHERE pg_catalog.pg_class.relname = %(table_name)s AND pg_catalog.pg_class.relkind = ANY (ARRAY[%(param_1)s, %(param_2)s, %(param_3)s, %(param_4)s, %(param_5)s]) AND pg_catalog.pg_table_is_visible(pg_catalog.pg_class.oid) AND pg_catalog.pg_namespace.nspname != %(nspname_1)s
2024-11-24 20:59:11,835 - INFO - [cached since 0.01299s ago] {'table_name': 'users', 'param_1': 'r', 'param_2': 'p', 'param_3': 'f', 'param_4': 'v', 'param_5': 'm', 'nspname_1': 'pg_catalog'}
2024-11-24 20:59:11,841 - INFO - SELECT pg_catalog.pg_type.typname 
FROM pg_catalog.pg_type JOIN pg_catalog.pg_namespace ON pg_catalog.pg_namespace.oid = pg_catalog.pg_type.typnamespace 
WHERE pg_catalog.pg_type.typname = %(typname_1)s AND pg_catalog.pg_type_is_visible(pg_catalog.pg_type.oid) AND pg_catalog.pg_namespace.nspname != %(nspname_1)s
2024-11-24 20:59:11,842 - INFO - [generated in 0.00127s] {'typname_1': 'category', 'nspname_1': 'pg_catalog'}
2024-11-24 20:59:11,844 - INFO - COMMIT
2024-11-25 14:10:28,267 - INFO - Test log message to verify file output
2024-11-25 14:10:28,502 - INFO - select pg_catalog.version()
2024-11-25 14:10:28,504 - INFO - [raw sql] {}
2024-11-25 14:10:28,513 - INFO - select current_schema()
2024-11-25 14:10:28,519 - INFO - [raw sql] {}
2024-11-25 14:10:28,524 - INFO - show standard_conforming_strings
2024-11-25 14:10:28,525 - INFO - [raw sql] {}
2024-11-25 14:10:28,528 - INFO - BEGIN (implicit)
2024-11-25 14:10:28,533 - INFO - SELECT pg_catalog.pg_class.relname 
FROM pg_catalog.pg_class JOIN pg_catalog.pg_namespace ON pg_catalog.pg_namespace.oid = pg_catalog.pg_class.relnamespace 
WHERE pg_catalog.pg_class.relname = %(table_name)s AND pg_catalog.pg_class.relkind = ANY (ARRAY[%(param_1)s, %(param_2)s, %(param_3)s, %(param_4)s, %(param_5)s]) AND pg_catalog.pg_table_is_visible(pg_catalog.pg_class.oid) AND pg_catalog.pg_namespace.nspname != %(nspname_1)s
2024-11-25 14:10:28,534 - INFO - [generated in 0.00084s] {'table_name': 'items', 'param_1': 'r', 'param_2': 'p', 'param_3': 'f', 'param_4': 'v', 'param_5': 'm', 'nspname_1': 'pg_catalog'}
2024-11-25 14:10:28,560 - INFO - SELECT pg_catalog.pg_class.relname 
FROM pg_catalog.pg_class JOIN pg_catalog.pg_namespace ON pg_catalog.pg_namespace.oid = pg_catalog.pg_class.relnamespace 
WHERE pg_catalog.pg_class.relname = %(table_name)s AND pg_catalog.pg_class.relkind = ANY (ARRAY[%(param_1)s, %(param_2)s, %(param_3)s, %(param_4)s, %(param_5)s]) AND pg_catalog.pg_table_is_visible(pg_catalog.pg_class.oid) AND pg_catalog.pg_namespace.nspname != %(nspname_1)s
2024-11-25 14:10:28,561 - INFO - [cached since 0.02805s ago] {'table_name': 'users', 'param_1': 'r', 'param_2': 'p', 'param_3': 'f', 'param_4': 'v', 'param_5': 'm', 'nspname_1': 'pg_catalog'}
2024-11-25 14:10:28,565 - INFO - SELECT pg_catalog.pg_type.typname 
FROM pg_catalog.pg_type JOIN pg_catalog.pg_namespace ON pg_catalog.pg_namespace.oid = pg_catalog.pg_type.typnamespace 
WHERE pg_catalog.pg_type.typname = %(typname_1)s AND pg_catalog.pg_type_is_visible(pg_catalog.pg_type.oid) AND pg_catalog.pg_namespace.nspname != %(nspname_1)s
2024-11-25 14:10:28,566 - INFO - [generated in 0.00111s] {'typname_1': 'category', 'nspname_1': 'pg_catalog'}
2024-11-25 14:10:28,569 - INFO - COMMIT
2024-11-27 15:57:00,422 - INFO - Test log message to verify file output
2024-11-27 15:57:00,469 - INFO - Initializing database
2024-11-27 15:57:00,513 - INFO - select pg_catalog.version()
2024-11-27 15:57:00,515 - INFO - [raw sql] {}
2024-11-27 15:57:00,520 - INFO - select current_schema()
2024-11-27 15:57:00,521 - INFO - [raw sql] {}
2024-11-27 15:57:00,524 - INFO - show standard_conforming_strings
2024-11-27 15:57:00,526 - INFO - [raw sql] {}
2024-11-27 15:57:00,529 - INFO - BEGIN (implicit)
2024-11-27 15:57:00,541 - INFO - SELECT pg_catalog.pg_class.relname 
FROM pg_catalog.pg_class JOIN pg_catalog.pg_namespace ON pg_catalog.pg_namespace.oid = pg_catalog.pg_class.relnamespace 
WHERE pg_catalog.pg_class.relname = %(table_name)s AND pg_catalog.pg_class.relkind = ANY (ARRAY[%(param_1)s, %(param_2)s, %(param_3)s, %(param_4)s, %(param_5)s]) AND pg_catalog.pg_table_is_visible(pg_catalog.pg_class.oid) AND pg_catalog.pg_namespace.nspname != %(nspname_1)s
2024-11-27 15:57:00,556 - INFO - [generated in 0.01551s] {'table_name': 'items', 'param_1': 'r', 'param_2': 'p', 'param_3': 'f', 'param_4': 'v', 'param_5': 'm', 'nspname_1': 'pg_catalog'}
2024-11-27 15:57:00,584 - INFO - SELECT pg_catalog.pg_class.relname 
FROM pg_catalog.pg_class JOIN pg_catalog.pg_namespace ON pg_catalog.pg_namespace.oid = pg_catalog.pg_class.relnamespace 
WHERE pg_catalog.pg_class.relname = %(table_name)s AND pg_catalog.pg_class.relkind = ANY (ARRAY[%(param_1)s, %(param_2)s, %(param_3)s, %(param_4)s, %(param_5)s]) AND pg_catalog.pg_table_is_visible(pg_catalog.pg_class.oid) AND pg_catalog.pg_namespace.nspname != %(nspname_1)s
2024-11-27 15:57:00,587 - INFO - [cached since 0.04584s ago] {'table_name': 'users', 'param_1': 'r', 'param_2': 'p', 'param_3': 'f', 'param_4': 'v', 'param_5': 'm', 'nspname_1': 'pg_catalog'}
2024-11-27 15:57:00,593 - INFO - SELECT pg_catalog.pg_type.typname 
FROM pg_catalog.pg_type JOIN pg_catalog.pg_namespace ON pg_catalog.pg_namespace.oid = pg_catalog.pg_type.typnamespace 
WHERE pg_catalog.pg_type.typname = %(typname_1)s AND pg_catalog.pg_type_is_visible(pg_catalog.pg_type.oid) AND pg_catalog.pg_namespace.nspname != %(nspname_1)s
2024-11-27 15:57:00,600 - INFO - [generated in 0.00541s] {'typname_1': 'category', 'nspname_1': 'pg_catalog'}
2024-11-27 15:57:00,607 - INFO - COMMIT
2024-11-27 15:57:37,649 - INFO - Attempting to register user: max
2024-11-27 15:57:37,653 - INFO - BEGIN (implicit)
2024-11-27 15:57:37,657 - INFO - SELECT users.id AS users_id, users.username AS users_username, users.email AS users_email, users.full_name AS users_full_name, users.hashed_password AS users_hashed_password, users.disabled AS users_disabled 
FROM users 
WHERE users.username = %(username_1)s 
 LIMIT %(param_1)s
2024-11-27 15:57:37,658 - INFO - [generated in 0.00063s] {'username_1': 'max', 'param_1': 1}
2024-11-27 15:57:37,662 - WARNING - (trapped) error reading bcrypt version
Traceback (most recent call last):
  File "/usr/local/lib/python3.10/site-packages/passlib/handlers/bcrypt.py", line 620, in _load_backend_mixin
    version = _bcrypt.__about__.__version__
AttributeError: module 'bcrypt' has no attribute '__about__'
2024-11-27 15:57:38,027 - INFO - INSERT INTO users (username, email, full_name, hashed_password, disabled) VALUES (%(username)s, %(email)s, %(full_name)s, %(hashed_password)s, %(disabled)s) RETURNING users.id
2024-11-27 15:57:38,028 - INFO - [generated in 0.00065s] {'username': 'max', 'email': 'max@123', 'full_name': 'Max mustermann', 'hashed_password': '$2b$12$76no6bgICD9Rxn995RGMh.2Q/KmDJZTPg/Yr5iP54V1na/RA.IVSi', 'disabled': False}
2024-11-27 15:57:38,030 - INFO - COMMIT
2024-11-27 15:57:38,035 - INFO - BEGIN (implicit)
2024-11-27 15:57:38,037 - INFO - SELECT users.id, users.username, users.email, users.full_name, users.hashed_password, users.disabled 
FROM users 
WHERE users.id = %(pk_1)s
2024-11-27 15:57:38,037 - INFO - [generated in 0.00061s] {'pk_1': 7}
2024-11-27 15:57:38,039 - INFO - User registered successfully: max
2024-11-27 15:57:38,040 - INFO - ROLLBACK
2024-11-27 16:07:26,272 - INFO - Test log message to verify file output
2024-11-27 16:07:26,288 - INFO - Initializing database
2024-11-27 16:07:26,306 - INFO - select pg_catalog.version()
2024-11-27 16:07:26,306 - INFO - [raw sql] {}
2024-11-27 16:07:26,309 - INFO - select current_schema()
2024-11-27 16:07:26,309 - INFO - [raw sql] {}
2024-11-27 16:07:26,311 - INFO - show standard_conforming_strings
2024-11-27 16:07:26,311 - INFO - [raw sql] {}
2024-11-27 16:07:26,313 - INFO - BEGIN (implicit)
2024-11-27 16:07:26,318 - INFO - SELECT pg_catalog.pg_class.relname 
FROM pg_catalog.pg_class JOIN pg_catalog.pg_namespace ON pg_catalog.pg_namespace.oid = pg_catalog.pg_class.relnamespace 
WHERE pg_catalog.pg_class.relname = %(table_name)s AND pg_catalog.pg_class.relkind = ANY (ARRAY[%(param_1)s, %(param_2)s, %(param_3)s, %(param_4)s, %(param_5)s]) AND pg_catalog.pg_table_is_visible(pg_catalog.pg_class.oid) AND pg_catalog.pg_namespace.nspname != %(nspname_1)s
2024-11-27 16:07:26,319 - INFO - [generated in 0.00070s] {'table_name': 'items', 'param_1': 'r', 'param_2': 'p', 'param_3': 'f', 'param_4': 'v', 'param_5': 'm', 'nspname_1': 'pg_catalog'}
2024-11-27 16:07:26,325 - INFO - SELECT pg_catalog.pg_class.relname 
FROM pg_catalog.pg_class JOIN pg_catalog.pg_namespace ON pg_catalog.pg_namespace.oid = pg_catalog.pg_class.relnamespace 
WHERE pg_catalog.pg_class.relname = %(table_name)s AND pg_catalog.pg_class.relkind = ANY (ARRAY[%(param_1)s, %(param_2)s, %(param_3)s, %(param_4)s, %(param_5)s]) AND pg_catalog.pg_table_is_visible(pg_catalog.pg_class.oid) AND pg_catalog.pg_namespace.nspname != %(nspname_1)s
2024-11-27 16:07:26,325 - INFO - [cached since 0.006923s ago] {'table_name': 'users', 'param_1': 'r', 'param_2': 'p', 'param_3': 'f', 'param_4': 'v', 'param_5': 'm', 'nspname_1': 'pg_catalog'}
2024-11-27 16:07:26,329 - INFO - SELECT pg_catalog.pg_type.typname 
FROM pg_catalog.pg_type JOIN pg_catalog.pg_namespace ON pg_catalog.pg_namespace.oid = pg_catalog.pg_type.typnamespace 
WHERE pg_catalog.pg_type.typname = %(typname_1)s AND pg_catalog.pg_type_is_visible(pg_catalog.pg_type.oid) AND pg_catalog.pg_namespace.nspname != %(nspname_1)s
2024-11-27 16:07:26,329 - INFO - [generated in 0.00055s] {'typname_1': 'category', 'nspname_1': 'pg_catalog'}
2024-11-27 16:07:26,331 - INFO - COMMIT
2024-11-27 16:22:45,834 - INFO - Test log message to verify file output
2024-11-27 16:22:45,882 - INFO - Initializing database
2024-11-27 16:22:45,942 - INFO - select pg_catalog.version()
2024-11-27 16:22:45,944 - INFO - [raw sql] {}
2024-11-27 16:22:45,950 - INFO - select current_schema()
2024-11-27 16:22:45,951 - INFO - [raw sql] {}
2024-11-27 16:22:45,955 - INFO - show standard_conforming_strings
2024-11-27 16:22:45,962 - INFO - [raw sql] {}
2024-11-27 16:22:45,966 - INFO - BEGIN (implicit)
2024-11-27 16:22:45,978 - INFO - SELECT pg_catalog.pg_class.relname 
FROM pg_catalog.pg_class JOIN pg_catalog.pg_namespace ON pg_catalog.pg_namespace.oid = pg_catalog.pg_class.relnamespace 
WHERE pg_catalog.pg_class.relname = %(table_name)s AND pg_catalog.pg_class.relkind = ANY (ARRAY[%(param_1)s, %(param_2)s, %(param_3)s, %(param_4)s, %(param_5)s]) AND pg_catalog.pg_table_is_visible(pg_catalog.pg_class.oid) AND pg_catalog.pg_namespace.nspname != %(nspname_1)s
2024-11-27 16:22:45,980 - INFO - [generated in 0.00252s] {'table_name': 'items', 'param_1': 'r', 'param_2': 'p', 'param_3': 'f', 'param_4': 'v', 'param_5': 'm', 'nspname_1': 'pg_catalog'}
2024-11-27 16:22:45,988 - INFO - SELECT pg_catalog.pg_class.relname 
FROM pg_catalog.pg_class JOIN pg_catalog.pg_namespace ON pg_catalog.pg_namespace.oid = pg_catalog.pg_class.relnamespace 
WHERE pg_catalog.pg_class.relname = %(table_name)s AND pg_catalog.pg_class.relkind = ANY (ARRAY[%(param_1)s, %(param_2)s, %(param_3)s, %(param_4)s, %(param_5)s]) AND pg_catalog.pg_table_is_visible(pg_catalog.pg_class.oid) AND pg_catalog.pg_namespace.nspname != %(nspname_1)s
2024-11-27 16:22:45,989 - INFO - [cached since 0.01164s ago] {'table_name': 'users', 'param_1': 'r', 'param_2': 'p', 'param_3': 'f', 'param_4': 'v', 'param_5': 'm', 'nspname_1': 'pg_catalog'}
2024-11-27 16:22:45,995 - INFO - SELECT pg_catalog.pg_type.typname 
FROM pg_catalog.pg_type JOIN pg_catalog.pg_namespace ON pg_catalog.pg_namespace.oid = pg_catalog.pg_type.typnamespace 
WHERE pg_catalog.pg_type.typname = %(typname_1)s AND pg_catalog.pg_type_is_visible(pg_catalog.pg_type.oid) AND pg_catalog.pg_namespace.nspname != %(nspname_1)s
2024-11-27 16:22:45,997 - INFO - [generated in 0.00172s] {'typname_1': 'category', 'nspname_1': 'pg_catalog'}
2024-11-27 16:22:46,000 - INFO - COMMIT
2024-11-27 16:29:27,421 - INFO - Test log message to verify file output
2024-11-27 16:29:27,435 - INFO - Initializing database
2024-11-27 16:29:27,456 - INFO - select pg_catalog.version()
2024-11-27 16:29:27,457 - INFO - [raw sql] {}
2024-11-27 16:29:27,460 - INFO - select current_schema()
2024-11-27 16:29:27,461 - INFO - [raw sql] {}
2024-11-27 16:29:27,462 - INFO - show standard_conforming_strings
2024-11-27 16:29:27,463 - INFO - [raw sql] {}
2024-11-27 16:29:27,465 - INFO - BEGIN (implicit)
2024-11-27 16:29:27,469 - INFO - SELECT pg_catalog.pg_class.relname 
FROM pg_catalog.pg_class JOIN pg_catalog.pg_namespace ON pg_catalog.pg_namespace.oid = pg_catalog.pg_class.relnamespace 
WHERE pg_catalog.pg_class.relname = %(table_name)s AND pg_catalog.pg_class.relkind = ANY (ARRAY[%(param_1)s, %(param_2)s, %(param_3)s, %(param_4)s, %(param_5)s]) AND pg_catalog.pg_table_is_visible(pg_catalog.pg_class.oid) AND pg_catalog.pg_namespace.nspname != %(nspname_1)s
2024-11-27 16:29:27,470 - INFO - [generated in 0.00069s] {'table_name': 'items', 'param_1': 'r', 'param_2': 'p', 'param_3': 'f', 'param_4': 'v', 'param_5': 'm', 'nspname_1': 'pg_catalog'}
2024-11-27 16:29:27,476 - INFO - SELECT pg_catalog.pg_class.relname 
FROM pg_catalog.pg_class JOIN pg_catalog.pg_namespace ON pg_catalog.pg_namespace.oid = pg_catalog.pg_class.relnamespace 
WHERE pg_catalog.pg_class.relname = %(table_name)s AND pg_catalog.pg_class.relkind = ANY (ARRAY[%(param_1)s, %(param_2)s, %(param_3)s, %(param_4)s, %(param_5)s]) AND pg_catalog.pg_table_is_visible(pg_catalog.pg_class.oid) AND pg_catalog.pg_namespace.nspname != %(nspname_1)s
2024-11-27 16:29:27,476 - INFO - [cached since 0.007129s ago] {'table_name': 'users', 'param_1': 'r', 'param_2': 'p', 'param_3': 'f', 'param_4': 'v', 'param_5': 'm', 'nspname_1': 'pg_catalog'}
2024-11-27 16:29:27,480 - INFO - SELECT pg_catalog.pg_type.typname 
FROM pg_catalog.pg_type JOIN pg_catalog.pg_namespace ON pg_catalog.pg_namespace.oid = pg_catalog.pg_type.typnamespace 
WHERE pg_catalog.pg_type.typname = %(typname_1)s AND pg_catalog.pg_type_is_visible(pg_catalog.pg_type.oid) AND pg_catalog.pg_namespace.nspname != %(nspname_1)s
2024-11-27 16:29:27,481 - INFO - [generated in 0.00081s] {'typname_1': 'category', 'nspname_1': 'pg_catalog'}
2024-11-27 16:29:27,484 - INFO - COMMIT
2024-11-27 16:29:54,335 - INFO - Attempting to authenticate user
2024-11-27 16:29:54,338 - INFO - BEGIN (implicit)
2024-11-27 16:29:54,341 - INFO - SELECT users.id AS users_id, users.username AS users_username, users.email AS users_email, users.full_name AS users_full_name, users.hashed_password AS users_hashed_password, users.disabled AS users_disabled 
FROM users 
WHERE users.username = %(username_1)s 
 LIMIT %(param_1)s
2024-11-27 16:29:54,342 - INFO - [generated in 0.00062s] {'username_1': 'usertest', 'param_1': 1}
2024-11-27 16:29:54,347 - WARNING - (trapped) error reading bcrypt version
Traceback (most recent call last):
  File "/usr/local/lib/python3.10/site-packages/passlib/handlers/bcrypt.py", line 620, in _load_backend_mixin
    version = _bcrypt.__about__.__version__
AttributeError: module 'bcrypt' has no attribute '__about__'
2024-11-27 16:29:54,689 - INFO - User authenticated successfully: usertest
2024-11-27 16:29:54,690 - INFO - ROLLBACK
2024-11-27 16:30:38,064 - INFO - Attempting to authenticate user
2024-11-27 16:30:38,066 - INFO - BEGIN (implicit)
2024-11-27 16:30:38,068 - INFO - SELECT users.id AS users_id, users.username AS users_username, users.email AS users_email, users.full_name AS users_full_name, users.hashed_password AS users_hashed_password, users.disabled AS users_disabled 
FROM users 
WHERE users.username = %(username_1)s 
 LIMIT %(param_1)s
2024-11-27 16:30:38,069 - INFO - [cached since 43.73s ago] {'username_1': 'usertest', 'param_1': 1}
2024-11-27 16:30:38,375 - INFO - User authenticated successfully: usertest
2024-11-27 16:30:38,376 - INFO - ROLLBACK
2024-11-27 16:31:43,150 - INFO - Attempting to authenticate user
2024-11-27 16:31:43,151 - INFO - BEGIN (implicit)
2024-11-27 16:31:43,152 - INFO - SELECT users.id AS users_id, users.username AS users_username, users.email AS users_email, users.full_name AS users_full_name, users.hashed_password AS users_hashed_password, users.disabled AS users_disabled 
FROM users 
WHERE users.username = %(username_1)s 
 LIMIT %(param_1)s
2024-11-27 16:31:43,153 - INFO - [cached since 108.8s ago] {'username_1': 'tee', 'param_1': 1}
2024-11-27 16:31:43,154 - ERROR - Authentication failed for user: tee
2024-11-27 16:31:43,155 - INFO - ROLLBACK
2024-11-27 16:31:56,662 - INFO - Attempting to authenticate user
2024-11-27 16:31:56,663 - INFO - BEGIN (implicit)
2024-11-27 16:31:56,663 - INFO - SELECT users.id AS users_id, users.username AS users_username, users.email AS users_email, users.full_name AS users_full_name, users.hashed_password AS users_hashed_password, users.disabled AS users_disabled 
FROM users 
WHERE users.username = %(username_1)s 
 LIMIT %(param_1)s
2024-11-27 16:31:56,663 - INFO - [cached since 122.3s ago] {'username_1': 'max', 'param_1': 1}
2024-11-27 16:31:57,010 - INFO - User authenticated successfully: max
2024-11-27 16:31:57,011 - INFO - ROLLBACK
2024-11-27 16:38:39,684 - INFO - Attempting to authenticate user
2024-11-27 16:38:39,685 - INFO - BEGIN (implicit)
2024-11-27 16:38:39,686 - INFO - SELECT users.id AS users_id, users.username AS users_username, users.email AS users_email, users.full_name AS users_full_name, users.hashed_password AS users_hashed_password, users.disabled AS users_disabled 
FROM users 
WHERE users.username = %(username_1)s 
 LIMIT %(param_1)s
2024-11-27 16:38:39,687 - INFO - [cached since 525.3s ago] {'username_1': 'max', 'param_1': 1}
2024-11-27 16:38:39,975 - INFO - User authenticated successfully: max
2024-11-27 16:38:39,976 - INFO - ROLLBACK
2024-11-27 16:44:39,822 - INFO - Test log message to verify file output
2024-11-27 16:44:39,877 - INFO - Initializing database
2024-11-27 16:44:39,960 - INFO - select pg_catalog.version()
2024-11-27 16:44:39,963 - INFO - [raw sql] {}
2024-11-27 16:44:39,969 - INFO - select current_schema()
2024-11-27 16:44:39,972 - INFO - [raw sql] {}
2024-11-27 16:44:39,976 - INFO - show standard_conforming_strings
2024-11-27 16:44:39,977 - INFO - [raw sql] {}
2024-11-27 16:44:39,986 - INFO - BEGIN (implicit)
2024-11-27 16:44:40,000 - INFO - SELECT pg_catalog.pg_class.relname 
FROM pg_catalog.pg_class JOIN pg_catalog.pg_namespace ON pg_catalog.pg_namespace.oid = pg_catalog.pg_class.relnamespace 
WHERE pg_catalog.pg_class.relname = %(table_name)s AND pg_catalog.pg_class.relkind = ANY (ARRAY[%(param_1)s, %(param_2)s, %(param_3)s, %(param_4)s, %(param_5)s]) AND pg_catalog.pg_table_is_visible(pg_catalog.pg_class.oid) AND pg_catalog.pg_namespace.nspname != %(nspname_1)s
2024-11-27 16:44:40,002 - INFO - [generated in 0.00196s] {'table_name': 'items', 'param_1': 'r', 'param_2': 'p', 'param_3': 'f', 'param_4': 'v', 'param_5': 'm', 'nspname_1': 'pg_catalog'}
2024-11-27 16:44:40,009 - INFO - SELECT pg_catalog.pg_class.relname 
FROM pg_catalog.pg_class JOIN pg_catalog.pg_namespace ON pg_catalog.pg_namespace.oid = pg_catalog.pg_class.relnamespace 
WHERE pg_catalog.pg_class.relname = %(table_name)s AND pg_catalog.pg_class.relkind = ANY (ARRAY[%(param_1)s, %(param_2)s, %(param_3)s, %(param_4)s, %(param_5)s]) AND pg_catalog.pg_table_is_visible(pg_catalog.pg_class.oid) AND pg_catalog.pg_namespace.nspname != %(nspname_1)s
2024-11-27 16:44:40,010 - INFO - [cached since 0.009666s ago] {'table_name': 'users', 'param_1': 'r', 'param_2': 'p', 'param_3': 'f', 'param_4': 'v', 'param_5': 'm', 'nspname_1': 'pg_catalog'}
2024-11-27 16:44:40,017 - INFO - SELECT pg_catalog.pg_type.typname 
FROM pg_catalog.pg_type JOIN pg_catalog.pg_namespace ON pg_catalog.pg_namespace.oid = pg_catalog.pg_type.typnamespace 
WHERE pg_catalog.pg_type.typname = %(typname_1)s AND pg_catalog.pg_type_is_visible(pg_catalog.pg_type.oid) AND pg_catalog.pg_namespace.nspname != %(nspname_1)s
2024-11-27 16:44:40,018 - INFO - [generated in 0.00150s] {'typname_1': 'category', 'nspname_1': 'pg_catalog'}
2024-11-27 16:44:40,021 - INFO - COMMIT
2024-11-27 16:44:41,450 - INFO - Request: GET http://127.0.0.1:8000/docs
2024-11-27 16:44:41,452 - INFO - Response: 200
2024-11-27 16:44:42,027 - INFO - Request: GET http://127.0.0.1:8000/docs
2024-11-27 16:44:42,029 - INFO - Response: 200
2024-11-27 16:44:42,659 - INFO - Request: GET http://127.0.0.1:8000/openapi.json
2024-11-27 16:44:42,684 - INFO - Response: 200
2024-11-27 16:44:55,937 - INFO - Request: POST http://127.0.0.1:8000/auth/token
2024-11-27 16:44:55,940 - INFO - Attempting to authenticate user
2024-11-27 16:44:55,943 - INFO - BEGIN (implicit)
2024-11-27 16:44:55,945 - INFO - SELECT users.id AS users_id, users.username AS users_username, users.email AS users_email, users.full_name AS users_full_name, users.hashed_password AS users_hashed_password, users.disabled AS users_disabled 
FROM users 
WHERE users.username = %(username_1)s 
 LIMIT %(param_1)s
2024-11-27 16:44:55,946 - INFO - [generated in 0.00054s] {'username_1': 'usertest', 'param_1': 1}
2024-11-27 16:44:55,950 - WARNING - (trapped) error reading bcrypt version
Traceback (most recent call last):
  File "/usr/local/lib/python3.10/site-packages/passlib/handlers/bcrypt.py", line 620, in _load_backend_mixin
    version = _bcrypt.__about__.__version__
AttributeError: module 'bcrypt' has no attribute '__about__'
2024-11-27 16:44:56,237 - INFO - User authenticated successfully: usertest
2024-11-27 16:44:56,239 - INFO - ROLLBACK
2024-11-27 16:44:56,240 - INFO - Response: 200
2024-11-27 16:45:15,402 - INFO - Request: POST http://127.0.0.1:8000/items/
2024-11-27 16:45:15,404 - INFO - BEGIN (implicit)
2024-11-27 16:45:15,405 - INFO - SELECT users.id AS users_id, users.username AS users_username, users.email AS users_email, users.full_name AS users_full_name, users.hashed_password AS users_hashed_password, users.disabled AS users_disabled 
FROM users 
WHERE users.username = %(username_1)s 
 LIMIT %(param_1)s
2024-11-27 16:45:15,405 - INFO - [cached since 19.46s ago] {'username_1': 'usertest', 'param_1': 1}
2024-11-27 16:45:15,443 - INFO - ROLLBACK
2024-11-27 16:47:22,122 - INFO - Request: POST http://127.0.0.1:8000/items/
2024-11-27 16:47:22,124 - INFO - BEGIN (implicit)
2024-11-27 16:47:22,125 - INFO - SELECT users.id AS users_id, users.username AS users_username, users.email AS users_email, users.full_name AS users_full_name, users.hashed_password AS users_hashed_password, users.disabled AS users_disabled 
FROM users 
WHERE users.username = %(username_1)s 
 LIMIT %(param_1)s
2024-11-27 16:47:22,126 - INFO - [cached since 146.2s ago] {'username_1': 'usertest', 'param_1': 1}
2024-11-27 16:47:22,129 - INFO - ROLLBACK
2024-11-27 16:47:59,138 - INFO - Request: GET http://127.0.0.1:8000/items
2024-11-27 16:47:59,140 - INFO - Response: 307
2024-11-27 16:47:59,183 - INFO - Request: GET http://127.0.0.1:8000/items/
2024-11-27 16:47:59,184 - INFO - Response: 405
2024-11-27 16:47:59,278 - INFO - Request: GET http://127.0.0.1:8000/favicon.ico
2024-11-27 16:47:59,282 - INFO - Response: 404
2024-11-27 16:55:22,246 - INFO - Test log message to verify file output
2024-11-27 16:55:22,265 - INFO - Initializing database
2024-11-27 16:55:22,283 - INFO - select pg_catalog.version()
2024-11-27 16:55:22,283 - INFO - [raw sql] {}
2024-11-27 16:55:22,285 - INFO - select current_schema()
2024-11-27 16:55:22,286 - INFO - [raw sql] {}
2024-11-27 16:55:22,287 - INFO - show standard_conforming_strings
2024-11-27 16:55:22,288 - INFO - [raw sql] {}
2024-11-27 16:55:22,290 - INFO - BEGIN (implicit)
2024-11-27 16:55:22,295 - INFO - SELECT pg_catalog.pg_class.relname 
FROM pg_catalog.pg_class JOIN pg_catalog.pg_namespace ON pg_catalog.pg_namespace.oid = pg_catalog.pg_class.relnamespace 
WHERE pg_catalog.pg_class.relname = %(table_name)s AND pg_catalog.pg_class.relkind = ANY (ARRAY[%(param_1)s, %(param_2)s, %(param_3)s, %(param_4)s, %(param_5)s]) AND pg_catalog.pg_table_is_visible(pg_catalog.pg_class.oid) AND pg_catalog.pg_namespace.nspname != %(nspname_1)s
2024-11-27 16:55:22,296 - INFO - [generated in 0.00066s] {'table_name': 'items', 'param_1': 'r', 'param_2': 'p', 'param_3': 'f', 'param_4': 'v', 'param_5': 'm', 'nspname_1': 'pg_catalog'}
2024-11-27 16:55:22,300 - INFO - SELECT pg_catalog.pg_class.relname 
FROM pg_catalog.pg_class JOIN pg_catalog.pg_namespace ON pg_catalog.pg_namespace.oid = pg_catalog.pg_class.relnamespace 
WHERE pg_catalog.pg_class.relname = %(table_name)s AND pg_catalog.pg_class.relkind = ANY (ARRAY[%(param_1)s, %(param_2)s, %(param_3)s, %(param_4)s, %(param_5)s]) AND pg_catalog.pg_table_is_visible(pg_catalog.pg_class.oid) AND pg_catalog.pg_namespace.nspname != %(nspname_1)s
2024-11-27 16:55:22,301 - INFO - [cached since 0.005546s ago] {'table_name': 'users', 'param_1': 'r', 'param_2': 'p', 'param_3': 'f', 'param_4': 'v', 'param_5': 'm', 'nspname_1': 'pg_catalog'}
2024-11-27 16:55:22,303 - INFO - SELECT pg_catalog.pg_type.typname 
FROM pg_catalog.pg_type JOIN pg_catalog.pg_namespace ON pg_catalog.pg_namespace.oid = pg_catalog.pg_type.typnamespace 
WHERE pg_catalog.pg_type.typname = %(typname_1)s AND pg_catalog.pg_type_is_visible(pg_catalog.pg_type.oid) AND pg_catalog.pg_namespace.nspname != %(nspname_1)s
2024-11-27 16:55:22,304 - INFO - [generated in 0.00061s] {'typname_1': 'category', 'nspname_1': 'pg_catalog'}
2024-11-27 16:55:22,306 - INFO - COMMIT
2024-11-27 16:55:30,930 - INFO - Request: GET http://127.0.0.1:8000/docs
2024-11-27 16:55:30,931 - INFO - Response: 200
2024-11-27 16:55:31,360 - INFO - Request: GET http://127.0.0.1:8000/openapi.json
2024-11-27 16:55:31,379 - INFO - Response: 200
2024-11-27 16:55:41,657 - INFO - Request: POST http://127.0.0.1:8000/auth/token
2024-11-27 16:55:41,661 - INFO - Attempting to authenticate user
2024-11-27 16:55:41,665 - INFO - BEGIN (implicit)
2024-11-27 16:55:41,667 - INFO - SELECT users.id AS users_id, users.username AS users_username, users.email AS users_email, users.full_name AS users_full_name, users.hashed_password AS users_hashed_password, users.disabled AS users_disabled 
FROM users 
WHERE users.username = %(username_1)s 
 LIMIT %(param_1)s
2024-11-27 16:55:41,668 - INFO - [generated in 0.00051s] {'username_1': 'usertest', 'param_1': 1}
2024-11-27 16:55:41,673 - WARNING - (trapped) error reading bcrypt version
Traceback (most recent call last):
  File "/usr/local/lib/python3.10/site-packages/passlib/handlers/bcrypt.py", line 620, in _load_backend_mixin
    version = _bcrypt.__about__.__version__
AttributeError: module 'bcrypt' has no attribute '__about__'
2024-11-27 16:55:41,973 - INFO - User authenticated successfully: usertest
2024-11-27 16:55:41,975 - INFO - ROLLBACK
2024-11-27 16:55:41,976 - INFO - Response: 200
2024-11-27 16:55:57,812 - INFO - Request: POST http://127.0.0.1:8000/items/
2024-11-27 16:55:57,815 - INFO - BEGIN (implicit)
2024-11-27 16:55:57,817 - INFO - SELECT users.id AS users_id, users.username AS users_username, users.email AS users_email, users.full_name AS users_full_name, users.hashed_password AS users_hashed_password, users.disabled AS users_disabled 
FROM users 
WHERE users.username = %(username_1)s 
 LIMIT %(param_1)s
2024-11-27 16:55:57,817 - INFO - [cached since 16.15s ago] {'username_1': 'usertest', 'param_1': 1}
2024-11-27 16:55:57,826 - INFO - INSERT INTO items (name, description, price, category) VALUES (%(name)s, %(description)s, %(price)s, %(category)s) RETURNING items.id
2024-11-27 16:55:57,827 - INFO - [generated in 0.00094s] {'name': 'Ball', 'description': 'das ist eien ball', 'price': 12.0, 'category': 'TOOLS'}
2024-11-27 16:55:57,833 - INFO - COMMIT
2024-11-27 16:55:57,836 - INFO - BEGIN (implicit)
2024-11-27 16:55:57,839 - INFO - SELECT items.id, items.name, items.description, items.price, items.category 
FROM items 
WHERE items.id = %(pk_1)s
2024-11-27 16:55:57,840 - INFO - [generated in 0.00123s] {'pk_1': 2}
2024-11-27 16:55:57,845 - INFO - ROLLBACK
2024-11-27 16:55:57,847 - INFO - Response: 200
2024-11-27 16:56:34,813 - INFO - Request: GET http://127.0.0.1:8000/items/items/1
2024-11-27 16:56:34,815 - INFO - BEGIN (implicit)
2024-11-27 16:56:34,816 - INFO - SELECT users.id AS users_id, users.username AS users_username, users.email AS users_email, users.full_name AS users_full_name, users.hashed_password AS users_hashed_password, users.disabled AS users_disabled 
FROM users 
WHERE users.username = %(username_1)s 
 LIMIT %(param_1)s
2024-11-27 16:56:34,816 - INFO - [cached since 53.15s ago] {'username_1': 'usertest', 'param_1': 1}
2024-11-27 16:56:34,818 - INFO - ROLLBACK
2024-11-27 16:56:34,819 - INFO - Response: 400
2024-11-27 16:58:55,499 - INFO - Request: PUT http://127.0.0.1:8000/items/update/1
2024-11-27 16:58:55,501 - INFO - BEGIN (implicit)
2024-11-27 16:58:55,502 - INFO - SELECT users.id AS users_id, users.username AS users_username, users.email AS users_email, users.full_name AS users_full_name, users.hashed_password AS users_hashed_password, users.disabled AS users_disabled 
FROM users 
WHERE users.username = %(username_1)s 
 LIMIT %(param_1)s
2024-11-27 16:58:55,502 - INFO - [cached since 193.8s ago] {'username_1': 'usertest', 'param_1': 1}
2024-11-27 16:58:55,505 - INFO - ROLLBACK
2024-11-27 16:58:55,507 - INFO - Response: 400
2024-11-27 17:00:07,665 - INFO - Test log message to verify file output
2024-11-27 17:00:07,688 - INFO - Initializing database
2024-11-27 17:00:07,707 - INFO - select pg_catalog.version()
2024-11-27 17:00:07,708 - INFO - [raw sql] {}
2024-11-27 17:00:07,710 - INFO - select current_schema()
2024-11-27 17:00:07,710 - INFO - [raw sql] {}
2024-11-27 17:00:07,712 - INFO - show standard_conforming_strings
2024-11-27 17:00:07,713 - INFO - [raw sql] {}
2024-11-27 17:00:07,715 - INFO - BEGIN (implicit)
2024-11-27 17:00:07,719 - INFO - SELECT pg_catalog.pg_class.relname 
FROM pg_catalog.pg_class JOIN pg_catalog.pg_namespace ON pg_catalog.pg_namespace.oid = pg_catalog.pg_class.relnamespace 
WHERE pg_catalog.pg_class.relname = %(table_name)s AND pg_catalog.pg_class.relkind = ANY (ARRAY[%(param_1)s, %(param_2)s, %(param_3)s, %(param_4)s, %(param_5)s]) AND pg_catalog.pg_table_is_visible(pg_catalog.pg_class.oid) AND pg_catalog.pg_namespace.nspname != %(nspname_1)s
2024-11-27 17:00:07,719 - INFO - [generated in 0.00068s] {'table_name': 'items', 'param_1': 'r', 'param_2': 'p', 'param_3': 'f', 'param_4': 'v', 'param_5': 'm', 'nspname_1': 'pg_catalog'}
2024-11-27 17:00:07,723 - INFO - SELECT pg_catalog.pg_class.relname 
FROM pg_catalog.pg_class JOIN pg_catalog.pg_namespace ON pg_catalog.pg_namespace.oid = pg_catalog.pg_class.relnamespace 
WHERE pg_catalog.pg_class.relname = %(table_name)s AND pg_catalog.pg_class.relkind = ANY (ARRAY[%(param_1)s, %(param_2)s, %(param_3)s, %(param_4)s, %(param_5)s]) AND pg_catalog.pg_table_is_visible(pg_catalog.pg_class.oid) AND pg_catalog.pg_namespace.nspname != %(nspname_1)s
2024-11-27 17:00:07,724 - INFO - [cached since 0.005145s ago] {'table_name': 'users', 'param_1': 'r', 'param_2': 'p', 'param_3': 'f', 'param_4': 'v', 'param_5': 'm', 'nspname_1': 'pg_catalog'}
2024-11-27 17:00:07,727 - INFO - SELECT pg_catalog.pg_type.typname 
FROM pg_catalog.pg_type JOIN pg_catalog.pg_namespace ON pg_catalog.pg_namespace.oid = pg_catalog.pg_type.typnamespace 
WHERE pg_catalog.pg_type.typname = %(typname_1)s AND pg_catalog.pg_type_is_visible(pg_catalog.pg_type.oid) AND pg_catalog.pg_namespace.nspname != %(nspname_1)s
2024-11-27 17:00:07,728 - INFO - [generated in 0.00099s] {'typname_1': 'category', 'nspname_1': 'pg_catalog'}
2024-11-27 17:00:07,730 - INFO - COMMIT
2024-11-27 17:06:25,908 - INFO - Test log message to verify file output
2024-11-27 17:06:25,935 - INFO - Initializing database
2024-11-27 17:06:25,962 - INFO - select pg_catalog.version()
2024-11-27 17:06:25,962 - INFO - [raw sql] {}
2024-11-27 17:06:25,965 - INFO - select current_schema()
2024-11-27 17:06:25,968 - INFO - [raw sql] {}
2024-11-27 17:06:25,971 - INFO - show standard_conforming_strings
2024-11-27 17:06:25,971 - INFO - [raw sql] {}
2024-11-27 17:06:25,972 - INFO - BEGIN (implicit)
2024-11-27 17:06:25,978 - INFO - SELECT pg_catalog.pg_class.relname 
FROM pg_catalog.pg_class JOIN pg_catalog.pg_namespace ON pg_catalog.pg_namespace.oid = pg_catalog.pg_class.relnamespace 
WHERE pg_catalog.pg_class.relname = %(table_name)s AND pg_catalog.pg_class.relkind = ANY (ARRAY[%(param_1)s, %(param_2)s, %(param_3)s, %(param_4)s, %(param_5)s]) AND pg_catalog.pg_table_is_visible(pg_catalog.pg_class.oid) AND pg_catalog.pg_namespace.nspname != %(nspname_1)s
2024-11-27 17:06:25,980 - INFO - [generated in 0.00198s] {'table_name': 'items', 'param_1': 'r', 'param_2': 'p', 'param_3': 'f', 'param_4': 'v', 'param_5': 'm', 'nspname_1': 'pg_catalog'}
2024-11-27 17:06:25,985 - INFO - SELECT pg_catalog.pg_class.relname 
FROM pg_catalog.pg_class JOIN pg_catalog.pg_namespace ON pg_catalog.pg_namespace.oid = pg_catalog.pg_class.relnamespace 
WHERE pg_catalog.pg_class.relname = %(table_name)s AND pg_catalog.pg_class.relkind = ANY (ARRAY[%(param_1)s, %(param_2)s, %(param_3)s, %(param_4)s, %(param_5)s]) AND pg_catalog.pg_table_is_visible(pg_catalog.pg_class.oid) AND pg_catalog.pg_namespace.nspname != %(nspname_1)s
2024-11-27 17:06:25,986 - INFO - [cached since 0.007741s ago] {'table_name': 'users', 'param_1': 'r', 'param_2': 'p', 'param_3': 'f', 'param_4': 'v', 'param_5': 'm', 'nspname_1': 'pg_catalog'}
2024-11-27 17:06:25,989 - INFO - SELECT pg_catalog.pg_type.typname 
FROM pg_catalog.pg_type JOIN pg_catalog.pg_namespace ON pg_catalog.pg_namespace.oid = pg_catalog.pg_type.typnamespace 
WHERE pg_catalog.pg_type.typname = %(typname_1)s AND pg_catalog.pg_type_is_visible(pg_catalog.pg_type.oid) AND pg_catalog.pg_namespace.nspname != %(nspname_1)s
2024-11-27 17:06:25,990 - INFO - [generated in 0.00149s] {'typname_1': 'category', 'nspname_1': 'pg_catalog'}
2024-11-27 17:06:25,992 - INFO - COMMIT
2024-11-27 17:08:49,723 - INFO - Test log message to verify file output
2024-11-27 17:08:49,737 - INFO - Initializing database
2024-11-27 17:08:49,753 - INFO - select pg_catalog.version()
2024-11-27 17:08:49,754 - INFO - [raw sql] {}
2024-11-27 17:08:49,756 - INFO - select current_schema()
2024-11-27 17:08:49,756 - INFO - [raw sql] {}
2024-11-27 17:08:49,757 - INFO - show standard_conforming_strings
2024-11-27 17:08:49,758 - INFO - [raw sql] {}
2024-11-27 17:08:49,759 - INFO - BEGIN (implicit)
2024-11-27 17:08:49,762 - INFO - SELECT pg_catalog.pg_class.relname 
FROM pg_catalog.pg_class JOIN pg_catalog.pg_namespace ON pg_catalog.pg_namespace.oid = pg_catalog.pg_class.relnamespace 
WHERE pg_catalog.pg_class.relname = %(table_name)s AND pg_catalog.pg_class.relkind = ANY (ARRAY[%(param_1)s, %(param_2)s, %(param_3)s, %(param_4)s, %(param_5)s]) AND pg_catalog.pg_table_is_visible(pg_catalog.pg_class.oid) AND pg_catalog.pg_namespace.nspname != %(nspname_1)s
2024-11-27 17:08:49,763 - INFO - [generated in 0.00057s] {'table_name': 'items', 'param_1': 'r', 'param_2': 'p', 'param_3': 'f', 'param_4': 'v', 'param_5': 'm', 'nspname_1': 'pg_catalog'}
2024-11-27 17:08:49,767 - INFO - SELECT pg_catalog.pg_class.relname 
FROM pg_catalog.pg_class JOIN pg_catalog.pg_namespace ON pg_catalog.pg_namespace.oid = pg_catalog.pg_class.relnamespace 
WHERE pg_catalog.pg_class.relname = %(table_name)s AND pg_catalog.pg_class.relkind = ANY (ARRAY[%(param_1)s, %(param_2)s, %(param_3)s, %(param_4)s, %(param_5)s]) AND pg_catalog.pg_table_is_visible(pg_catalog.pg_class.oid) AND pg_catalog.pg_namespace.nspname != %(nspname_1)s
2024-11-27 17:08:49,767 - INFO - [cached since 0.00522s ago] {'table_name': 'users', 'param_1': 'r', 'param_2': 'p', 'param_3': 'f', 'param_4': 'v', 'param_5': 'm', 'nspname_1': 'pg_catalog'}
2024-11-27 17:08:49,770 - INFO - SELECT pg_catalog.pg_type.typname 
FROM pg_catalog.pg_type JOIN pg_catalog.pg_namespace ON pg_catalog.pg_namespace.oid = pg_catalog.pg_type.typnamespace 
WHERE pg_catalog.pg_type.typname = %(typname_1)s AND pg_catalog.pg_type_is_visible(pg_catalog.pg_type.oid) AND pg_catalog.pg_namespace.nspname != %(nspname_1)s
2024-11-27 17:08:49,770 - INFO - [generated in 0.00054s] {'typname_1': 'category', 'nspname_1': 'pg_catalog'}
2024-11-27 17:08:49,772 - INFO - COMMIT
2024-11-27 17:11:28,692 - INFO - Test log message to verify file output
2024-11-27 17:11:28,723 - INFO - Initializing database
2024-11-27 17:11:28,760 - INFO - select pg_catalog.version()
2024-11-27 17:11:28,761 - INFO - [raw sql] {}
2024-11-27 17:11:28,764 - INFO - select current_schema()
2024-11-27 17:11:28,765 - INFO - [raw sql] {}
2024-11-27 17:11:28,770 - INFO - show standard_conforming_strings
2024-11-27 17:11:28,771 - INFO - [raw sql] {}
2024-11-27 17:11:28,773 - INFO - BEGIN (implicit)
2024-11-27 17:11:28,779 - INFO - SELECT pg_catalog.pg_class.relname 
FROM pg_catalog.pg_class JOIN pg_catalog.pg_namespace ON pg_catalog.pg_namespace.oid = pg_catalog.pg_class.relnamespace 
WHERE pg_catalog.pg_class.relname = %(table_name)s AND pg_catalog.pg_class.relkind = ANY (ARRAY[%(param_1)s, %(param_2)s, %(param_3)s, %(param_4)s, %(param_5)s]) AND pg_catalog.pg_table_is_visible(pg_catalog.pg_class.oid) AND pg_catalog.pg_namespace.nspname != %(nspname_1)s
2024-11-27 17:11:28,782 - INFO - [generated in 0.00334s] {'table_name': 'items', 'param_1': 'r', 'param_2': 'p', 'param_3': 'f', 'param_4': 'v', 'param_5': 'm', 'nspname_1': 'pg_catalog'}
2024-11-27 17:11:28,788 - INFO - SELECT pg_catalog.pg_class.relname 
FROM pg_catalog.pg_class JOIN pg_catalog.pg_namespace ON pg_catalog.pg_namespace.oid = pg_catalog.pg_class.relnamespace 
WHERE pg_catalog.pg_class.relname = %(table_name)s AND pg_catalog.pg_class.relkind = ANY (ARRAY[%(param_1)s, %(param_2)s, %(param_3)s, %(param_4)s, %(param_5)s]) AND pg_catalog.pg_table_is_visible(pg_catalog.pg_class.oid) AND pg_catalog.pg_namespace.nspname != %(nspname_1)s
2024-11-27 17:11:28,789 - INFO - [cached since 0.01017s ago] {'table_name': 'users', 'param_1': 'r', 'param_2': 'p', 'param_3': 'f', 'param_4': 'v', 'param_5': 'm', 'nspname_1': 'pg_catalog'}
2024-11-27 17:11:28,793 - INFO - SELECT pg_catalog.pg_type.typname 
FROM pg_catalog.pg_type JOIN pg_catalog.pg_namespace ON pg_catalog.pg_namespace.oid = pg_catalog.pg_type.typnamespace 
WHERE pg_catalog.pg_type.typname = %(typname_1)s AND pg_catalog.pg_type_is_visible(pg_catalog.pg_type.oid) AND pg_catalog.pg_namespace.nspname != %(nspname_1)s
2024-11-27 17:11:28,795 - INFO - [generated in 0.00191s] {'typname_1': 'category', 'nspname_1': 'pg_catalog'}
2024-11-27 17:11:28,799 - INFO - COMMIT
2024-11-27 17:13:11,836 - INFO - Request: PUT http://127.0.0.1:8000/items/update/1
2024-11-27 17:13:11,842 - INFO - BEGIN (implicit)
2024-11-27 17:13:11,844 - INFO - SELECT users.id AS users_id, users.username AS users_username, users.email AS users_email, users.full_name AS users_full_name, users.hashed_password AS users_hashed_password, users.disabled AS users_disabled 
FROM users 
WHERE users.username = %(username_1)s 
 LIMIT %(param_1)s
2024-11-27 17:13:11,845 - INFO - [generated in 0.00065s] {'username_1': 'usertest', 'param_1': 1}
2024-11-27 17:13:11,852 - INFO - SELECT items.id AS items_id, items.name AS items_name, items.description AS items_description, items.price AS items_price, items.category AS items_category 
FROM items 
WHERE items.id = %(id_1)s 
 LIMIT %(param_1)s
2024-11-27 17:13:11,852 - INFO - [generated in 0.00069s] {'id_1': 1, 'param_1': 1}
2024-11-27 17:13:11,856 - INFO - UPDATE items SET description=%(description)s, price=%(price)s WHERE items.id = %(items_id)s
2024-11-27 17:13:11,856 - INFO - [generated in 0.00062s] {'description': 'll', 'price': 12.0, 'items_id': 1}
2024-11-27 17:13:11,859 - INFO - UPDATE users SET disabled=%(disabled)s WHERE users.id = %(users_id)s
2024-11-27 17:13:11,860 - INFO - [generated in 0.00086s] {'disabled': False, 'users_id': 1}
2024-11-27 17:13:11,862 - INFO - COMMIT
2024-11-27 17:13:11,864 - INFO - BEGIN (implicit)
2024-11-27 17:13:11,866 - INFO - SELECT items.id, items.name, items.description, items.price, items.category 
FROM items 
WHERE items.id = %(pk_1)s
2024-11-27 17:13:11,866 - INFO - [generated in 0.00055s] {'pk_1': 1}
2024-11-27 17:13:11,868 - INFO - ROLLBACK
2024-11-27 17:13:21,689 - INFO - Request: GET http://127.0.0.1:8000/items/
2024-11-27 17:13:21,690 - INFO - Response: 405
2024-11-27 17:13:21,733 - INFO - Request: GET http://127.0.0.1:8000/favicon.ico
2024-11-27 17:13:21,737 - INFO - Response: 404
2024-11-27 17:13:22,510 - INFO - Request: GET http://127.0.0.1:8000/items/
2024-11-27 17:13:22,512 - INFO - Response: 405
2024-11-27 17:13:22,561 - INFO - Request: GET http://127.0.0.1:8000/favicon.ico
2024-11-27 17:13:22,562 - INFO - Response: 404
2024-11-27 17:13:22,679 - INFO - Request: GET http://127.0.0.1:8000/items/
2024-11-27 17:13:22,681 - INFO - Response: 405
2024-11-27 17:13:22,719 - INFO - Request: GET http://127.0.0.1:8000/favicon.ico
2024-11-27 17:13:22,721 - INFO - Response: 404
2024-11-27 17:13:28,357 - INFO - Request: GET http://127.0.0.1:8000/items/items/
2024-11-27 17:13:28,358 - INFO - Response: 404
2024-11-27 17:13:28,418 - INFO - Request: GET http://127.0.0.1:8000/favicon.ico
2024-11-27 17:13:28,419 - INFO - Response: 404
2024-11-27 17:13:31,054 - INFO - Request: GET http://127.0.0.1:8000/items/items/
2024-11-27 17:13:31,055 - INFO - Response: 404
2024-11-27 17:13:31,103 - INFO - Request: GET http://127.0.0.1:8000/favicon.ico
2024-11-27 17:13:31,104 - INFO - Response: 404
2024-11-27 17:13:35,135 - INFO - Request: GET http://127.0.0.1:8000/items/
2024-11-27 17:13:35,136 - INFO - Response: 405
2024-11-27 17:13:35,193 - INFO - Request: GET http://127.0.0.1:8000/favicon.ico
2024-11-27 17:13:35,194 - INFO - Response: 404
2024-11-27 17:39:38,717 - INFO - Request: PUT http://127.0.0.1:8000/items/update/1
2024-11-27 17:39:38,720 - INFO - Response: 401
2024-11-27 17:39:45,969 - INFO - Request: GET http://127.0.0.1:8000/docs
2024-11-27 17:39:45,970 - INFO - Response: 200
2024-11-27 17:39:46,353 - INFO - Request: GET http://127.0.0.1:8000/openapi.json
2024-11-27 17:39:46,415 - INFO - Response: 200
2024-11-27 17:40:02,195 - INFO - Request: POST http://127.0.0.1:8000/auth/token
2024-11-27 17:40:02,197 - INFO - Attempting to authenticate user
2024-11-27 17:40:02,198 - INFO - BEGIN (implicit)
2024-11-27 17:40:02,199 - INFO - SELECT users.id AS users_id, users.username AS users_username, users.email AS users_email, users.full_name AS users_full_name, users.hashed_password AS users_hashed_password, users.disabled AS users_disabled 
FROM users 
WHERE users.username = %(username_1)s 
 LIMIT %(param_1)s
2024-11-27 17:40:02,200 - INFO - [cached since 1610s ago] {'username_1': 'usertest', 'param_1': 1}
2024-11-27 17:40:02,203 - WARNING - (trapped) error reading bcrypt version
Traceback (most recent call last):
  File "/usr/local/lib/python3.10/site-packages/passlib/handlers/bcrypt.py", line 620, in _load_backend_mixin
    version = _bcrypt.__about__.__version__
AttributeError: module 'bcrypt' has no attribute '__about__'
2024-11-27 17:40:02,508 - INFO - User authenticated successfully: usertest
2024-11-27 17:40:02,509 - INFO - ROLLBACK
2024-11-27 17:40:02,511 - INFO - Response: 200
2024-11-27 17:40:23,956 - INFO - Request: PUT http://127.0.0.1:8000/items/update/1
2024-11-27 17:40:23,958 - INFO - BEGIN (implicit)
2024-11-27 17:40:23,959 - INFO - SELECT users.id AS users_id, users.username AS users_username, users.email AS users_email, users.full_name AS users_full_name, users.hashed_password AS users_hashed_password, users.disabled AS users_disabled 
FROM users 
WHERE users.username = %(username_1)s 
 LIMIT %(param_1)s
2024-11-27 17:40:23,960 - INFO - [cached since 1632s ago] {'username_1': 'usertest', 'param_1': 1}
2024-11-27 17:40:23,963 - INFO - SELECT items.id AS items_id, items.name AS items_name, items.description AS items_description, items.price AS items_price, items.category AS items_category 
FROM items 
WHERE items.id = %(id_1)s 
 LIMIT %(param_1)s
2024-11-27 17:40:23,964 - INFO - [cached since 1632s ago] {'id_1': 1, 'param_1': 1}
2024-11-27 17:40:23,966 - INFO - UPDATE items SET name=%(name)s, description=%(description)s, price=%(price)s WHERE items.id = %(items_id)s
2024-11-27 17:40:23,966 - INFO - [generated in 0.00053s] {'name': 'string', 'description': 'string', 'price': 13.0, 'items_id': 1}
2024-11-27 17:40:23,967 - INFO - UPDATE users SET disabled=%(disabled)s WHERE users.id = %(users_id)s
2024-11-27 17:40:23,968 - INFO - [cached since 1632s ago] {'disabled': False, 'users_id': 1}
2024-11-27 17:40:23,969 - INFO - COMMIT
2024-11-27 17:40:23,975 - INFO - BEGIN (implicit)
2024-11-27 17:40:23,976 - INFO - SELECT items.id, items.name, items.description, items.price, items.category 
FROM items 
WHERE items.id = %(pk_1)s
2024-11-27 17:40:23,977 - INFO - [cached since 1632s ago] {'pk_1': 1}
2024-11-27 17:40:23,981 - INFO - ROLLBACK
2024-11-27 17:41:00,574 - INFO - Request: PUT http://127.0.0.1:8000/items/update/1
2024-11-27 17:41:00,576 - INFO - Response: 422
2024-11-27 17:41:43,565 - INFO - Request: PUT http://127.0.0.1:8000/items/update/1
2024-11-27 17:41:43,566 - INFO - Response: 422
2024-11-27 17:41:48,121 - INFO - Request: PUT http://127.0.0.1:8000/items/update/1
2024-11-27 17:41:48,123 - INFO - Response: 422
2024-11-27 17:41:58,778 - INFO - Request: PUT http://127.0.0.1:8000/items/update/1
2024-11-27 17:41:58,779 - INFO - Response: 422
2024-11-27 17:42:11,241 - INFO - Request: PUT http://127.0.0.1:8000/items/update/1
2024-11-27 17:42:11,242 - INFO - Response: 422
2024-11-27 17:46:58,721 - INFO - Request: PUT http://127.0.0.1:8000/items/update/1
2024-11-27 17:46:58,724 - INFO - BEGIN (implicit)
2024-11-27 17:46:58,725 - INFO - SELECT users.id AS users_id, users.username AS users_username, users.email AS users_email, users.full_name AS users_full_name, users.hashed_password AS users_hashed_password, users.disabled AS users_disabled 
FROM users 
WHERE users.username = %(username_1)s 
 LIMIT %(param_1)s
2024-11-27 17:46:58,727 - INFO - [cached since 2027s ago] {'username_1': 'usertest', 'param_1': 1}
2024-11-27 17:46:58,730 - INFO - SELECT items.id AS items_id, items.name AS items_name, items.description AS items_description, items.price AS items_price, items.category AS items_category 
FROM items 
WHERE items.id = %(id_1)s 
 LIMIT %(param_1)s
2024-11-27 17:46:58,730 - INFO - [cached since 2027s ago] {'id_1': 1, 'param_1': 1}
2024-11-27 17:46:58,732 - INFO - UPDATE items SET name=%(name)s, description=%(description)s, price=%(price)s WHERE items.id = %(items_id)s
2024-11-27 17:46:58,733 - INFO - [cached since 394.8s ago] {'name': 'House3', 'description': 'updatew house', 'price': 14.0, 'items_id': 1}
2024-11-27 17:46:58,734 - INFO - UPDATE users SET disabled=%(disabled)s WHERE users.id = %(users_id)s
2024-11-27 17:46:58,735 - INFO - [cached since 2027s ago] {'disabled': False, 'users_id': 1}
2024-11-27 17:46:58,737 - INFO - COMMIT
2024-11-27 17:46:58,739 - INFO - BEGIN (implicit)
2024-11-27 17:46:58,740 - INFO - SELECT items.id, items.name, items.description, items.price, items.category 
FROM items 
WHERE items.id = %(pk_1)s
2024-11-27 17:46:58,741 - INFO - [cached since 2027s ago] {'pk_1': 1}
2024-11-27 17:46:58,742 - INFO - ROLLBACK
2024-11-27 17:47:05,872 - INFO - Request: PUT http://127.0.0.1:8000/items/update/1
2024-11-27 17:47:05,875 - INFO - BEGIN (implicit)
2024-11-27 17:47:05,876 - INFO - SELECT users.id AS users_id, users.username AS users_username, users.email AS users_email, users.full_name AS users_full_name, users.hashed_password AS users_hashed_password, users.disabled AS users_disabled 
FROM users 
WHERE users.username = %(username_1)s 
 LIMIT %(param_1)s
2024-11-27 17:47:05,879 - INFO - [cached since 2034s ago] {'username_1': 'usertest', 'param_1': 1}
2024-11-27 17:47:05,883 - INFO - SELECT items.id AS items_id, items.name AS items_name, items.description AS items_description, items.price AS items_price, items.category AS items_category 
FROM items 
WHERE items.id = %(id_1)s 
 LIMIT %(param_1)s
2024-11-27 17:47:05,883 - INFO - [cached since 2034s ago] {'id_1': 1, 'param_1': 1}
2024-11-27 17:47:05,886 - INFO - UPDATE users SET disabled=%(disabled)s WHERE users.id = %(users_id)s
2024-11-27 17:47:05,886 - INFO - [cached since 2034s ago] {'disabled': False, 'users_id': 1}
2024-11-27 17:47:05,888 - INFO - COMMIT
2024-11-27 17:47:05,890 - INFO - BEGIN (implicit)
2024-11-27 17:47:05,891 - INFO - SELECT items.id, items.name, items.description, items.price, items.category 
FROM items 
WHERE items.id = %(pk_1)s
2024-11-27 17:47:05,892 - INFO - [cached since 2034s ago] {'pk_1': 1}
2024-11-27 17:47:05,894 - INFO - ROLLBACK
2024-11-27 17:50:45,349 - INFO - Test log message to verify file output
2024-11-27 17:50:45,373 - INFO - Initializing database
2024-11-27 17:50:45,386 - INFO - select pg_catalog.version()
2024-11-27 17:50:45,387 - INFO - [raw sql] {}
2024-11-27 17:50:45,389 - INFO - select current_schema()
2024-11-27 17:50:45,390 - INFO - [raw sql] {}
2024-11-27 17:50:45,391 - INFO - show standard_conforming_strings
2024-11-27 17:50:45,392 - INFO - [raw sql] {}
2024-11-27 17:50:45,393 - INFO - BEGIN (implicit)
2024-11-27 17:50:45,398 - INFO - SELECT pg_catalog.pg_class.relname 
FROM pg_catalog.pg_class JOIN pg_catalog.pg_namespace ON pg_catalog.pg_namespace.oid = pg_catalog.pg_class.relnamespace 
WHERE pg_catalog.pg_class.relname = %(table_name)s AND pg_catalog.pg_class.relkind = ANY (ARRAY[%(param_1)s, %(param_2)s, %(param_3)s, %(param_4)s, %(param_5)s]) AND pg_catalog.pg_table_is_visible(pg_catalog.pg_class.oid) AND pg_catalog.pg_namespace.nspname != %(nspname_1)s
2024-11-27 17:50:45,399 - INFO - [generated in 0.00083s] {'table_name': 'items', 'param_1': 'r', 'param_2': 'p', 'param_3': 'f', 'param_4': 'v', 'param_5': 'm', 'nspname_1': 'pg_catalog'}
2024-11-27 17:50:45,405 - INFO - SELECT pg_catalog.pg_class.relname 
FROM pg_catalog.pg_class JOIN pg_catalog.pg_namespace ON pg_catalog.pg_namespace.oid = pg_catalog.pg_class.relnamespace 
WHERE pg_catalog.pg_class.relname = %(table_name)s AND pg_catalog.pg_class.relkind = ANY (ARRAY[%(param_1)s, %(param_2)s, %(param_3)s, %(param_4)s, %(param_5)s]) AND pg_catalog.pg_table_is_visible(pg_catalog.pg_class.oid) AND pg_catalog.pg_namespace.nspname != %(nspname_1)s
2024-11-27 17:50:45,407 - INFO - [cached since 0.008194s ago] {'table_name': 'users', 'param_1': 'r', 'param_2': 'p', 'param_3': 'f', 'param_4': 'v', 'param_5': 'm', 'nspname_1': 'pg_catalog'}
2024-11-27 17:50:45,410 - INFO - SELECT pg_catalog.pg_type.typname 
FROM pg_catalog.pg_type JOIN pg_catalog.pg_namespace ON pg_catalog.pg_namespace.oid = pg_catalog.pg_type.typnamespace 
WHERE pg_catalog.pg_type.typname = %(typname_1)s AND pg_catalog.pg_type_is_visible(pg_catalog.pg_type.oid) AND pg_catalog.pg_namespace.nspname != %(nspname_1)s
2024-11-27 17:50:45,414 - INFO - [generated in 0.00428s] {'typname_1': 'category', 'nspname_1': 'pg_catalog'}
2024-11-27 17:50:45,416 - INFO - COMMIT
2024-12-16 17:53:26,478 - INFO - Test log message to verify file output
2024-12-16 17:53:26,502 - INFO - Initializing database
2024-12-16 17:53:26,624 - INFO - select pg_catalog.version()
2024-12-16 17:53:26,625 - INFO - [raw sql] {}
2024-12-16 17:53:26,635 - INFO - select current_schema()
2024-12-16 17:53:26,637 - INFO - [raw sql] {}
2024-12-16 17:53:26,645 - INFO - show standard_conforming_strings
2024-12-16 17:53:26,646 - INFO - [raw sql] {}
2024-12-16 17:53:26,647 - INFO - BEGIN (implicit)
2024-12-16 17:53:26,654 - INFO - SELECT pg_catalog.pg_class.relname 
FROM pg_catalog.pg_class JOIN pg_catalog.pg_namespace ON pg_catalog.pg_namespace.oid = pg_catalog.pg_class.relnamespace 
WHERE pg_catalog.pg_class.relname = %(table_name)s AND pg_catalog.pg_class.relkind = ANY (ARRAY[%(param_1)s, %(param_2)s, %(param_3)s, %(param_4)s, %(param_5)s]) AND pg_catalog.pg_table_is_visible(pg_catalog.pg_class.oid) AND pg_catalog.pg_namespace.nspname != %(nspname_1)s
2024-12-16 17:53:26,655 - INFO - [generated in 0.00176s] {'table_name': 'items', 'param_1': 'r', 'param_2': 'p', 'param_3': 'f', 'param_4': 'v', 'param_5': 'm', 'nspname_1': 'pg_catalog'}
2024-12-16 17:53:26,679 - INFO - SELECT pg_catalog.pg_class.relname 
FROM pg_catalog.pg_class JOIN pg_catalog.pg_namespace ON pg_catalog.pg_namespace.oid = pg_catalog.pg_class.relnamespace 
WHERE pg_catalog.pg_class.relname = %(table_name)s AND pg_catalog.pg_class.relkind = ANY (ARRAY[%(param_1)s, %(param_2)s, %(param_3)s, %(param_4)s, %(param_5)s]) AND pg_catalog.pg_table_is_visible(pg_catalog.pg_class.oid) AND pg_catalog.pg_namespace.nspname != %(nspname_1)s
2024-12-16 17:53:26,680 - INFO - [cached since 0.0262s ago] {'table_name': 'users', 'param_1': 'r', 'param_2': 'p', 'param_3': 'f', 'param_4': 'v', 'param_5': 'm', 'nspname_1': 'pg_catalog'}
2024-12-16 17:53:26,685 - INFO - SELECT pg_catalog.pg_type.typname 
FROM pg_catalog.pg_type JOIN pg_catalog.pg_namespace ON pg_catalog.pg_namespace.oid = pg_catalog.pg_type.typnamespace 
WHERE pg_catalog.pg_type.typname = %(typname_1)s AND pg_catalog.pg_type_is_visible(pg_catalog.pg_type.oid) AND pg_catalog.pg_namespace.nspname != %(nspname_1)s
2024-12-16 17:53:26,688 - INFO - [generated in 0.00297s] {'typname_1': 'category', 'nspname_1': 'pg_catalog'}
2024-12-16 17:53:26,690 - INFO - COMMIT
2024-12-16 18:18:53,881 - INFO - Test log message to verify file output
2024-12-16 18:18:53,923 - INFO - Initializing database
2024-12-16 18:18:53,957 - INFO - select pg_catalog.version()
2024-12-16 18:18:53,958 - INFO - [raw sql] {}
2024-12-16 18:18:53,965 - INFO - select current_schema()
2024-12-16 18:18:53,966 - INFO - [raw sql] {}
2024-12-16 18:18:53,969 - INFO - show standard_conforming_strings
2024-12-16 18:18:53,970 - INFO - [raw sql] {}
2024-12-16 18:18:53,973 - INFO - BEGIN (implicit)
2024-12-16 18:18:53,983 - INFO - SELECT pg_catalog.pg_class.relname 
FROM pg_catalog.pg_class JOIN pg_catalog.pg_namespace ON pg_catalog.pg_namespace.oid = pg_catalog.pg_class.relnamespace 
WHERE pg_catalog.pg_class.relname = %(table_name)s AND pg_catalog.pg_class.relkind = ANY (ARRAY[%(param_1)s, %(param_2)s, %(param_3)s, %(param_4)s, %(param_5)s]) AND pg_catalog.pg_table_is_visible(pg_catalog.pg_class.oid) AND pg_catalog.pg_namespace.nspname != %(nspname_1)s
2024-12-16 18:18:53,984 - INFO - [generated in 0.00130s] {'table_name': 'items', 'param_1': 'r', 'param_2': 'p', 'param_3': 'f', 'param_4': 'v', 'param_5': 'm', 'nspname_1': 'pg_catalog'}
2024-12-16 18:18:53,992 - INFO - SELECT pg_catalog.pg_class.relname 
FROM pg_catalog.pg_class JOIN pg_catalog.pg_namespace ON pg_catalog.pg_namespace.oid = pg_catalog.pg_class.relnamespace 
WHERE pg_catalog.pg_class.relname = %(table_name)s AND pg_catalog.pg_class.relkind = ANY (ARRAY[%(param_1)s, %(param_2)s, %(param_3)s, %(param_4)s, %(param_5)s]) AND pg_catalog.pg_table_is_visible(pg_catalog.pg_class.oid) AND pg_catalog.pg_namespace.nspname != %(nspname_1)s
2024-12-16 18:18:53,994 - INFO - [cached since 0.01075s ago] {'table_name': 'users', 'param_1': 'r', 'param_2': 'p', 'param_3': 'f', 'param_4': 'v', 'param_5': 'm', 'nspname_1': 'pg_catalog'}
2024-12-16 18:18:53,999 - INFO - SELECT pg_catalog.pg_type.typname 
FROM pg_catalog.pg_type JOIN pg_catalog.pg_namespace ON pg_catalog.pg_namespace.oid = pg_catalog.pg_type.typnamespace 
WHERE pg_catalog.pg_type.typname = %(typname_1)s AND pg_catalog.pg_type_is_visible(pg_catalog.pg_type.oid) AND pg_catalog.pg_namespace.nspname != %(nspname_1)s
2024-12-16 18:18:54,000 - INFO - [generated in 0.00105s] {'typname_1': 'category', 'nspname_1': 'pg_catalog'}
2024-12-16 18:18:54,003 - INFO - CREATE TYPE category AS ENUM ('TOOLS', 'SERVICE')
2024-12-16 18:18:54,004 - INFO - [no key 0.00135s] {}
2024-12-16 18:18:54,009 - INFO - 
CREATE TABLE items (
	id SERIAL NOT NULL, 
	name VARCHAR, 
	description VARCHAR, 
	price FLOAT, 
	category category, 
	PRIMARY KEY (id)
)


2024-12-16 18:18:54,010 - INFO - [no key 0.00119s] {}
2024-12-16 18:18:54,026 - INFO - CREATE INDEX ix_items_description ON items (description)
2024-12-16 18:18:54,033 - INFO - [no key 0.00784s] {}
2024-12-16 18:18:54,044 - INFO - CREATE INDEX ix_items_name ON items (name)
2024-12-16 18:18:54,047 - INFO - [no key 0.00189s] {}
2024-12-16 18:18:54,051 - INFO - CREATE INDEX ix_items_id ON items (id)
2024-12-16 18:18:54,052 - INFO - [no key 0.00147s] {}
2024-12-16 18:18:54,057 - INFO - 
CREATE TABLE users (
	id SERIAL NOT NULL, 
	username VARCHAR, 
	email VARCHAR, 
	full_name VARCHAR, 
	hashed_password VARCHAR, 
	disabled VARCHAR, 
	PRIMARY KEY (id)
)


2024-12-16 18:18:54,058 - INFO - [no key 0.00099s] {}
2024-12-16 18:18:54,071 - INFO - CREATE INDEX ix_users_id ON users (id)
2024-12-16 18:18:54,072 - INFO - [no key 0.00148s] {}
2024-12-16 18:18:54,076 - INFO - CREATE UNIQUE INDEX ix_users_username ON users (username)
2024-12-16 18:18:54,078 - INFO - [no key 0.00190s] {}
2024-12-16 18:18:54,083 - INFO - CREATE UNIQUE INDEX ix_users_email ON users (email)
2024-12-16 18:18:54,084 - INFO - [no key 0.00114s] {}
2024-12-16 18:18:54,087 - INFO - COMMIT
