2024-12-17 13:27:30,498 - INFO - Test log message to verify file and console output
2024-12-17 13:27:30,536 - INFO - Initializing database
2024-12-17 13:27:30,595 - INFO - select pg_catalog.version()
2024-12-17 13:27:30,598 - INFO - [raw sql] {}
2024-12-17 13:27:30,601 - INFO - select current_schema()
2024-12-17 13:27:30,603 - INFO - [raw sql] {}
2024-12-17 13:27:30,609 - INFO - show standard_conforming_strings
2024-12-17 13:27:30,611 - INFO - [raw sql] {}
2024-12-17 13:27:30,615 - INFO - BEGIN (implicit)
2024-12-17 13:27:30,623 - INFO - SELECT pg_catalog.pg_class.relname 
FROM pg_catalog.pg_class JOIN pg_catalog.pg_namespace ON pg_catalog.pg_namespace.oid = pg_catalog.pg_class.relnamespace 
WHERE pg_catalog.pg_class.relname = %(table_name)s AND pg_catalog.pg_class.relkind = ANY (ARRAY[%(param_1)s, %(param_2)s, %(param_3)s, %(param_4)s, %(param_5)s]) AND pg_catalog.pg_table_is_visible(pg_catalog.pg_class.oid) AND pg_catalog.pg_namespace.nspname != %(nspname_1)s
2024-12-17 13:27:30,624 - INFO - [generated in 0.00108s] {'table_name': 'items', 'param_1': 'r', 'param_2': 'p', 'param_3': 'f', 'param_4': 'v', 'param_5': 'm', 'nspname_1': 'pg_catalog'}
2024-12-17 13:27:30,633 - INFO - SELECT pg_catalog.pg_class.relname 
FROM pg_catalog.pg_class JOIN pg_catalog.pg_namespace ON pg_catalog.pg_namespace.oid = pg_catalog.pg_class.relnamespace 
WHERE pg_catalog.pg_class.relname = %(table_name)s AND pg_catalog.pg_class.relkind = ANY (ARRAY[%(param_1)s, %(param_2)s, %(param_3)s, %(param_4)s, %(param_5)s]) AND pg_catalog.pg_table_is_visible(pg_catalog.pg_class.oid) AND pg_catalog.pg_namespace.nspname != %(nspname_1)s
2024-12-17 13:27:30,636 - INFO - [cached since 0.01334s ago] {'table_name': 'users', 'param_1': 'r', 'param_2': 'p', 'param_3': 'f', 'param_4': 'v', 'param_5': 'm', 'nspname_1': 'pg_catalog'}
2024-12-17 13:27:30,643 - INFO - SELECT pg_catalog.pg_type.typname 
FROM pg_catalog.pg_type JOIN pg_catalog.pg_namespace ON pg_catalog.pg_namespace.oid = pg_catalog.pg_type.typnamespace 
WHERE pg_catalog.pg_type.typname = %(typname_1)s AND pg_catalog.pg_type_is_visible(pg_catalog.pg_type.oid) AND pg_catalog.pg_namespace.nspname != %(nspname_1)s
2024-12-17 13:27:30,644 - INFO - [generated in 0.00099s] {'typname_1': 'category', 'nspname_1': 'pg_catalog'}
2024-12-17 13:27:30,647 - INFO - COMMIT
2024-12-17 13:29:07,323 - INFO - Test log message to verify file and console output
2024-12-17 13:29:07,360 - INFO - Initializing database
2024-12-17 13:29:07,402 - INFO - select pg_catalog.version()
2024-12-17 13:29:07,404 - INFO - [raw sql] {}
2024-12-17 13:29:07,415 - INFO - select current_schema()
2024-12-17 13:29:07,418 - INFO - [raw sql] {}
2024-12-17 13:29:07,425 - INFO - show standard_conforming_strings
2024-12-17 13:29:07,428 - INFO - [raw sql] {}
2024-12-17 13:29:07,434 - INFO - BEGIN (implicit)
2024-12-17 13:29:07,457 - INFO - SELECT pg_catalog.pg_class.relname 
FROM pg_catalog.pg_class JOIN pg_catalog.pg_namespace ON pg_catalog.pg_namespace.oid = pg_catalog.pg_class.relnamespace 
WHERE pg_catalog.pg_class.relname = %(table_name)s AND pg_catalog.pg_class.relkind = ANY (ARRAY[%(param_1)s, %(param_2)s, %(param_3)s, %(param_4)s, %(param_5)s]) AND pg_catalog.pg_table_is_visible(pg_catalog.pg_class.oid) AND pg_catalog.pg_namespace.nspname != %(nspname_1)s
2024-12-17 13:29:07,462 - INFO - [generated in 0.00537s] {'table_name': 'items', 'param_1': 'r', 'param_2': 'p', 'param_3': 'f', 'param_4': 'v', 'param_5': 'm', 'nspname_1': 'pg_catalog'}
2024-12-17 13:29:07,480 - INFO - SELECT pg_catalog.pg_class.relname 
FROM pg_catalog.pg_class JOIN pg_catalog.pg_namespace ON pg_catalog.pg_namespace.oid = pg_catalog.pg_class.relnamespace 
WHERE pg_catalog.pg_class.relname = %(table_name)s AND pg_catalog.pg_class.relkind = ANY (ARRAY[%(param_1)s, %(param_2)s, %(param_3)s, %(param_4)s, %(param_5)s]) AND pg_catalog.pg_table_is_visible(pg_catalog.pg_class.oid) AND pg_catalog.pg_namespace.nspname != %(nspname_1)s
2024-12-17 13:29:07,484 - INFO - [cached since 0.02708s ago] {'table_name': 'users', 'param_1': 'r', 'param_2': 'p', 'param_3': 'f', 'param_4': 'v', 'param_5': 'm', 'nspname_1': 'pg_catalog'}
2024-12-17 13:29:07,494 - INFO - SELECT pg_catalog.pg_type.typname 
FROM pg_catalog.pg_type JOIN pg_catalog.pg_namespace ON pg_catalog.pg_namespace.oid = pg_catalog.pg_type.typnamespace 
WHERE pg_catalog.pg_type.typname = %(typname_1)s AND pg_catalog.pg_type_is_visible(pg_catalog.pg_type.oid) AND pg_catalog.pg_namespace.nspname != %(nspname_1)s
2024-12-17 13:29:07,502 - INFO - [generated in 0.00731s] {'typname_1': 'category', 'nspname_1': 'pg_catalog'}
2024-12-17 13:29:07,512 - INFO - COMMIT
2024-12-17 16:24:08,866 - INFO - Test log message to verify file and console output
2024-12-17 16:24:08,879 - INFO - Initializing database
2024-12-17 16:24:08,906 - INFO - select pg_catalog.version()
2024-12-17 16:24:08,907 - INFO - [raw sql] {}
2024-12-17 16:24:08,909 - INFO - select current_schema()
2024-12-17 16:24:08,910 - INFO - [raw sql] {}
2024-12-17 16:24:08,912 - INFO - show standard_conforming_strings
2024-12-17 16:24:08,913 - INFO - [raw sql] {}
2024-12-17 16:24:08,919 - INFO - BEGIN (implicit)
2024-12-17 16:24:08,930 - INFO - SELECT pg_catalog.pg_class.relname 
FROM pg_catalog.pg_class JOIN pg_catalog.pg_namespace ON pg_catalog.pg_namespace.oid = pg_catalog.pg_class.relnamespace 
WHERE pg_catalog.pg_class.relname = %(table_name)s AND pg_catalog.pg_class.relkind = ANY (ARRAY[%(param_1)s, %(param_2)s, %(param_3)s, %(param_4)s, %(param_5)s]) AND pg_catalog.pg_table_is_visible(pg_catalog.pg_class.oid) AND pg_catalog.pg_namespace.nspname != %(nspname_1)s
2024-12-17 16:24:08,930 - INFO - [generated in 0.00109s] {'table_name': 'items', 'param_1': 'r', 'param_2': 'p', 'param_3': 'f', 'param_4': 'v', 'param_5': 'm', 'nspname_1': 'pg_catalog'}
2024-12-17 16:24:08,944 - INFO - SELECT pg_catalog.pg_class.relname 
FROM pg_catalog.pg_class JOIN pg_catalog.pg_namespace ON pg_catalog.pg_namespace.oid = pg_catalog.pg_class.relnamespace 
WHERE pg_catalog.pg_class.relname = %(table_name)s AND pg_catalog.pg_class.relkind = ANY (ARRAY[%(param_1)s, %(param_2)s, %(param_3)s, %(param_4)s, %(param_5)s]) AND pg_catalog.pg_table_is_visible(pg_catalog.pg_class.oid) AND pg_catalog.pg_namespace.nspname != %(nspname_1)s
2024-12-17 16:24:08,945 - INFO - [cached since 0.01524s ago] {'table_name': 'users', 'param_1': 'r', 'param_2': 'p', 'param_3': 'f', 'param_4': 'v', 'param_5': 'm', 'nspname_1': 'pg_catalog'}
2024-12-17 16:24:08,950 - INFO - SELECT pg_catalog.pg_type.typname 
FROM pg_catalog.pg_type JOIN pg_catalog.pg_namespace ON pg_catalog.pg_namespace.oid = pg_catalog.pg_type.typnamespace 
WHERE pg_catalog.pg_type.typname = %(typname_1)s AND pg_catalog.pg_type_is_visible(pg_catalog.pg_type.oid) AND pg_catalog.pg_namespace.nspname != %(nspname_1)s
2024-12-17 16:24:08,953 - INFO - [generated in 0.00286s] {'typname_1': 'category', 'nspname_1': 'pg_catalog'}
2024-12-17 16:24:08,954 - INFO - COMMIT
